{"numFailedTestSuites":0,"numFailedTests":0,"numPassedTestSuites":4,"numPassedTests":77,"numPendingTestSuites":0,"numPendingTests":0,"numRuntimeErrorTestSuites":0,"numTodoTests":0,"numTotalTestSuites":4,"numTotalTests":77,"openHandles":[],"snapshot":{"added":0,"didUpdate":false,"failure":false,"filesAdded":0,"filesRemoved":0,"filesRemovedList":[],"filesUnmatched":0,"filesUpdated":0,"matched":0,"total":0,"unchecked":0,"uncheckedKeysByFile":[],"unmatched":0,"updated":0},"startTime":1754396014161,"success":false,"testResults":[{"assertionResults":[{"ancestorTitles":["Auth Security & Edge Cases","Input sanitization"],"duration":2,"failing":false,"failureDetails":[],"failureMessages":[],"fullName":"Auth Security & Edge Cases Input sanitization should sanitize XSS attempts in display names","invocations":1,"location":null,"numPassingAsserts":16,"retryReasons":[],"startAt":1754396015062,"status":"passed","title":"should sanitize XSS attempts in display names"},{"ancestorTitles":["Auth Security & Edge Cases","Input sanitization"],"duration":1,"failing":false,"failureDetails":[],"failureMessages":[],"fullName":"Auth Security & Edge Cases Input sanitization should preserve valid characters in display names","invocations":1,"location":null,"numPassingAsserts":7,"retryReasons":[],"startAt":1754396015064,"status":"passed","title":"should preserve valid characters in display names"},{"ancestorTitles":["Auth Security & Edge Cases","Input sanitization"],"duration":0,"failing":false,"failureDetails":[],"failureMessages":[],"fullName":"Auth Security & Edge Cases Input sanitization should handle empty and null inputs safely","invocations":1,"location":null,"numPassingAsserts":3,"retryReasons":[],"startAt":1754396015065,"status":"passed","title":"should handle empty and null inputs safely"},{"ancestorTitles":["Auth Security & Edge Cases","Concurrent authentication attempts"],"duration":352,"failing":false,"failureDetails":[],"failureMessages":[],"fullName":"Auth Security & Edge Cases Concurrent authentication attempts should handle concurrent login attempts safely","invocations":1,"location":null,"numPassingAsserts":3,"retryReasons":[],"startAt":1754396015065,"status":"passed","title":"should handle concurrent login attempts safely"},{"ancestorTitles":["Auth Security & Edge Cases","Rate limiting simulation"],"duration":0,"failing":false,"failureDetails":[],"failureMessages":[],"fullName":"Auth Security & Edge Cases Rate limiting simulation should allow requests within rate limit","invocations":1,"location":null,"numPassingAsserts":5,"retryReasons":[],"startAt":1754396015418,"status":"passed","title":"should allow requests within rate limit"},{"ancestorTitles":["Auth Security & Edge Cases","Rate limiting simulation"],"duration":1,"failing":false,"failureDetails":[],"failureMessages":[],"fullName":"Auth Security & Edge Cases Rate limiting simulation should block requests after rate limit exceeded","invocations":1,"location":null,"numPassingAsserts":2,"retryReasons":[],"startAt":1754396015418,"status":"passed","title":"should block requests after rate limit exceeded"},{"ancestorTitles":["Auth Security & Edge Cases","Rate limiting simulation"],"duration":0,"failing":false,"failureDetails":[],"failureMessages":[],"fullName":"Auth Security & Edge Cases Rate limiting simulation should reset limits for different users independently","invocations":1,"location":null,"numPassingAsserts":2,"retryReasons":[],"startAt":1754396015419,"status":"passed","title":"should reset limits for different users independently"},{"ancestorTitles":["Auth Security & Edge Cases","Network error simulation"],"duration":1,"failing":false,"failureDetails":[],"failureMessages":[],"fullName":"Auth Security & Edge Cases Network error simulation should handle timeout errors gracefully","invocations":1,"location":null,"numPassingAsserts":1,"retryReasons":[],"startAt":1754396015419,"status":"passed","title":"should handle timeout errors gracefully"},{"ancestorTitles":["Auth Security & Edge Cases","Network error simulation"],"duration":0,"failing":false,"failureDetails":[],"failureMessages":[],"fullName":"Auth Security & Edge Cases Network error simulation should handle offline errors gracefully","invocations":1,"location":null,"numPassingAsserts":1,"retryReasons":[],"startAt":1754396015420,"status":"passed","title":"should handle offline errors gracefully"},{"ancestorTitles":["Auth Security & Edge Cases","Network error simulation"],"duration":0,"failing":false,"failureDetails":[],"failureMessages":[],"fullName":"Auth Security & Edge Cases Network error simulation should handle server errors gracefully","invocations":1,"location":null,"numPassingAsserts":1,"retryReasons":[],"startAt":1754396015420,"status":"passed","title":"should handle server errors gracefully"},{"ancestorTitles":["Auth Security & Edge Cases","Auth state persistence"],"duration":1,"failing":false,"failureDetails":[],"failureMessages":[],"fullName":"Auth Security & Edge Cases Auth state persistence should save and load auth state correctly","invocations":1,"location":null,"numPassingAsserts":1,"retryReasons":[],"startAt":1754396015420,"status":"passed","title":"should save and load auth state correctly"},{"ancestorTitles":["Auth Security & Edge Cases","Auth state persistence"],"duration":0,"failing":false,"failureDetails":[],"failureMessages":[],"fullName":"Auth Security & Edge Cases Auth state persistence should handle corrupted storage gracefully","invocations":1,"location":null,"numPassingAsserts":1,"retryReasons":[],"startAt":1754396015421,"status":"passed","title":"should handle corrupted storage gracefully"},{"ancestorTitles":["Auth Security & Edge Cases","Auth state persistence"],"duration":0,"failing":false,"failureDetails":[],"failureMessages":[],"fullName":"Auth Security & Edge Cases Auth state persistence should handle empty storage","invocations":1,"location":null,"numPassingAsserts":1,"retryReasons":[],"startAt":1754396015422,"status":"passed","title":"should handle empty storage"},{"ancestorTitles":["Auth Security & Edge Cases","Input boundary testing"],"duration":0,"failing":false,"failureDetails":[],"failureMessages":[],"fullName":"Auth Security & Edge Cases Input boundary testing should reject extremely long emails","invocations":1,"location":null,"numPassingAsserts":2,"retryReasons":[],"startAt":1754396015422,"status":"passed","title":"should reject extremely long emails"},{"ancestorTitles":["Auth Security & Edge Cases","Input boundary testing"],"duration":1,"failing":false,"failureDetails":[],"failureMessages":[],"fullName":"Auth Security & Edge Cases Input boundary testing should reject extremely long passwords","invocations":1,"location":null,"numPassingAsserts":2,"retryReasons":[],"startAt":1754396015422,"status":"passed","title":"should reject extremely long passwords"},{"ancestorTitles":["Auth Security & Edge Cases","Input boundary testing"],"duration":0,"failing":false,"failureDetails":[],"failureMessages":[],"fullName":"Auth Security & Edge Cases Input boundary testing should reject extremely long display names","invocations":1,"location":null,"numPassingAsserts":2,"retryReasons":[],"startAt":1754396015423,"status":"passed","title":"should reject extremely long display names"},{"ancestorTitles":["Auth Security & Edge Cases","Input boundary testing"],"duration":0,"failing":false,"failureDetails":[],"failureMessages":[],"fullName":"Auth Security & Edge Cases Input boundary testing should handle whitespace-only display names","invocations":1,"location":null,"numPassingAsserts":2,"retryReasons":[],"startAt":1754396015423,"status":"passed","title":"should handle whitespace-only display names"},{"ancestorTitles":["Auth Security & Edge Cases","Input boundary testing"],"duration":0,"failing":false,"failureDetails":[],"failureMessages":[],"fullName":"Auth Security & Edge Cases Input boundary testing should accept valid boundary values","invocations":1,"location":null,"numPassingAsserts":2,"retryReasons":[],"startAt":1754396015423,"status":"passed","title":"should accept valid boundary values"}],"endTime":1754396015424,"message":"","name":"/Users/sam/projects/story-app/__tests__/auth/authEdgeCases.test.ts","startTime":1754396014207,"status":"passed","summary":""},{"assertionResults":[{"ancestorTitles":["Auth User Journeys","Complete signup flow"],"duration":1,"failing":false,"failureDetails":[],"failureMessages":[],"fullName":"Auth User Journeys Complete signup flow should complete full signup flow successfully","invocations":1,"location":null,"numPassingAsserts":7,"retryReasons":[],"startAt":1754396015527,"status":"passed","title":"should complete full signup flow successfully"},{"ancestorTitles":["Auth User Journeys","Complete signup flow"],"duration":0,"failing":false,"failureDetails":[],"failureMessages":[],"fullName":"Auth User Journeys Complete signup flow should handle validation failures during signup","invocations":1,"location":null,"numPassingAsserts":5,"retryReasons":[],"startAt":1754396015528,"status":"passed","title":"should handle validation failures during signup"},{"ancestorTitles":["Auth User Journeys","Complete signup flow"],"duration":0,"failing":false,"failureDetails":[],"failureMessages":[],"fullName":"Auth User Journeys Complete signup flow should prevent onboarding before email verification","invocations":1,"location":null,"numPassingAsserts":2,"retryReasons":[],"startAt":1754396015529,"status":"passed","title":"should prevent onboarding before email verification"},{"ancestorTitles":["Auth User Journeys","Complete signup flow"],"duration":0,"failing":false,"failureDetails":[],"failureMessages":[],"fullName":"Auth User Journeys Complete signup flow should prevent duplicate email verification attempts","invocations":1,"location":null,"numPassingAsserts":2,"retryReasons":[],"startAt":1754396015529,"status":"passed","title":"should prevent duplicate email verification attempts"},{"ancestorTitles":["Auth User Journeys","Password reset flow"],"duration":0,"failing":false,"failureDetails":[],"failureMessages":[],"fullName":"Auth User Journeys Password reset flow should complete password reset flow successfully","invocations":1,"location":null,"numPassingAsserts":6,"retryReasons":[],"startAt":1754396015529,"status":"passed","title":"should complete password reset flow successfully"},{"ancestorTitles":["Auth User Journeys","Password reset flow"],"duration":0,"failing":false,"failureDetails":[],"failureMessages":[],"fullName":"Auth User Journeys Password reset flow should reject invalid email for reset request","invocations":1,"location":null,"numPassingAsserts":2,"retryReasons":[],"startAt":1754396015529,"status":"passed","title":"should reject invalid email for reset request"},{"ancestorTitles":["Auth User Journeys","Password reset flow"],"duration":1,"failing":false,"failureDetails":[],"failureMessages":[],"fullName":"Auth User Journeys Password reset flow should reject invalid reset tokens","invocations":1,"location":null,"numPassingAsserts":2,"retryReasons":[],"startAt":1754396015529,"status":"passed","title":"should reject invalid reset tokens"},{"ancestorTitles":["Auth User Journeys","Password reset flow"],"duration":0,"failing":false,"failureDetails":[],"failureMessages":[],"fullName":"Auth User Journeys Password reset flow should prevent password reset without token verification","invocations":1,"location":null,"numPassingAsserts":2,"retryReasons":[],"startAt":1754396015530,"status":"passed","title":"should prevent password reset without token verification"},{"ancestorTitles":["Auth User Journeys","Social login fallback scenarios"],"duration":0,"failing":false,"failureDetails":[],"failureMessages":[],"fullName":"Auth User Journeys Social login fallback scenarios should succeed with working social login","invocations":1,"location":null,"numPassingAsserts":2,"retryReasons":[],"startAt":1754396015530,"status":"passed","title":"should succeed with working social login"},{"ancestorTitles":["Auth User Journeys","Social login fallback scenarios"],"duration":0,"failing":false,"failureDetails":[],"failureMessages":[],"fullName":"Auth User Journeys Social login fallback scenarios should provide fallback option when social login fails","invocations":1,"location":null,"numPassingAsserts":3,"retryReasons":[],"startAt":1754396015530,"status":"passed","title":"should provide fallback option when social login fails"},{"ancestorTitles":["Auth User Journeys","Social login fallback scenarios"],"duration":1,"failing":false,"failureDetails":[],"failureMessages":[],"fullName":"Auth User Journeys Social login fallback scenarios should successfully fallback to email after social login failure","invocations":1,"location":null,"numPassingAsserts":2,"retryReasons":[],"startAt":1754396015530,"status":"passed","title":"should successfully fallback to email after social login failure"},{"ancestorTitles":["Auth User Journeys","Social login fallback scenarios"],"duration":0,"failing":false,"failureDetails":[],"failureMessages":[],"fullName":"Auth User Journeys Social login fallback scenarios should prevent fallback when already authenticated","invocations":1,"location":null,"numPassingAsserts":2,"retryReasons":[],"startAt":1754396015531,"status":"passed","title":"should prevent fallback when already authenticated"},{"ancestorTitles":["Auth User Journeys","Session management"],"duration":0,"failing":false,"failureDetails":[],"failureMessages":[],"fullName":"Auth User Journeys Session management should create and validate sessions correctly","invocations":1,"location":null,"numPassingAsserts":4,"retryReasons":[],"startAt":1754396015531,"status":"passed","title":"should create and validate sessions correctly"},{"ancestorTitles":["Auth User Journeys","Session management"],"duration":11,"failing":false,"failureDetails":[],"failureMessages":[],"fullName":"Auth User Journeys Session management should reject expired sessions","invocations":1,"location":null,"numPassingAsserts":2,"retryReasons":[],"startAt":1754396015531,"status":"passed","title":"should reject expired sessions"},{"ancestorTitles":["Auth User Journeys","Session management"],"duration":1,"failing":false,"failureDetails":[],"failureMessages":[],"fullName":"Auth User Journeys Session management should refresh sessions with valid refresh token","invocations":1,"location":null,"numPassingAsserts":4,"retryReasons":[],"startAt":1754396015542,"status":"passed","title":"should refresh sessions with valid refresh token"},{"ancestorTitles":["Auth User Journeys","Session management"],"duration":0,"failing":false,"failureDetails":[],"failureMessages":[],"fullName":"Auth User Journeys Session management should reject refresh with invalid token","invocations":1,"location":null,"numPassingAsserts":2,"retryReasons":[],"startAt":1754396015543,"status":"passed","title":"should reject refresh with invalid token"},{"ancestorTitles":["Auth User Journeys","Session management"],"duration":0,"failing":false,"failureDetails":[],"failureMessages":[],"fullName":"Auth User Journeys Session management should invalidate sessions correctly","invocations":1,"location":null,"numPassingAsserts":3,"retryReasons":[],"startAt":1754396015543,"status":"passed","title":"should invalidate sessions correctly"}],"endTime":1754396015544,"message":"","name":"/Users/sam/projects/story-app/__tests__/auth/authFlows.test.ts","startTime":1754396015429,"status":"passed","summary":""},{"assertionResults":[{"ancestorTitles":["Auth Store Logic","User state management"],"duration":1,"failing":false,"failureDetails":[],"failureMessages":[],"fullName":"Auth Store Logic User state management should initialize with null user and loading true","invocations":1,"location":null,"numPassingAsserts":4,"retryReasons":[],"startAt":1754396015644,"status":"passed","title":"should initialize with null user and loading true"},{"ancestorTitles":["Auth Store Logic","User state management"],"duration":1,"failing":false,"failureDetails":[],"failureMessages":[],"fullName":"Auth Store Logic User state management should update user state","invocations":1,"location":null,"numPassingAsserts":1,"retryReasons":[],"startAt":1754396015645,"status":"passed","title":"should update user state"},{"ancestorTitles":["Auth Store Logic","User state management"],"duration":0,"failing":false,"failureDetails":[],"failureMessages":[],"fullName":"Auth Store Logic User state management should handle setting user to null","invocations":1,"location":null,"numPassingAsserts":2,"retryReasons":[],"startAt":1754396015646,"status":"passed","title":"should handle setting user to null"},{"ancestorTitles":["Auth Store Logic","Loading state management"],"duration":0,"failing":false,"failureDetails":[],"failureMessages":[],"fullName":"Auth Store Logic Loading state management should update loading state","invocations":1,"location":null,"numPassingAsserts":2,"retryReasons":[],"startAt":1754396015646,"status":"passed","title":"should update loading state"},{"ancestorTitles":["Auth Store Logic","Loading state management"],"duration":1,"failing":false,"failureDetails":[],"failureMessages":[],"fullName":"Auth Store Logic Loading state management should update authLoading state","invocations":1,"location":null,"numPassingAsserts":2,"retryReasons":[],"startAt":1754396015646,"status":"passed","title":"should update authLoading state"},{"ancestorTitles":["Auth Store Logic","Error state management"],"duration":0,"failing":false,"failureDetails":[],"failureMessages":[],"fullName":"Auth Store Logic Error state management should update error state","invocations":1,"location":null,"numPassingAsserts":1,"retryReasons":[],"startAt":1754396015647,"status":"passed","title":"should update error state"},{"ancestorTitles":["Auth Store Logic","Error state management"],"duration":0,"failing":false,"failureDetails":[],"failureMessages":[],"fullName":"Auth Store Logic Error state management should clear error when set to null","invocations":1,"location":null,"numPassingAsserts":2,"retryReasons":[],"startAt":1754396015647,"status":"passed","title":"should clear error when set to null"},{"ancestorTitles":["Auth Store Logic","Error state management"],"duration":0,"failing":false,"failureDetails":[],"failureMessages":[],"fullName":"Auth Store Logic Error state management should clear error with clearError method","invocations":1,"location":null,"numPassingAsserts":2,"retryReasons":[],"startAt":1754396015647,"status":"passed","title":"should clear error with clearError method"},{"ancestorTitles":["Auth Store Logic","Race condition handling"],"duration":1,"failing":false,"failureDetails":[],"failureMessages":[],"fullName":"Auth Store Logic Race condition handling should clear error when user successfully authenticates","invocations":1,"location":null,"numPassingAsserts":3,"retryReasons":[],"startAt":1754396015647,"status":"passed","title":"should clear error when user successfully authenticates"},{"ancestorTitles":["Auth Store Logic","Race condition handling"],"duration":0,"failing":false,"failureDetails":[],"failureMessages":[],"fullName":"Auth Store Logic Race condition handling should not clear error when user is set to null","invocations":1,"location":null,"numPassingAsserts":3,"retryReasons":[],"startAt":1754396015648,"status":"passed","title":"should not clear error when user is set to null"},{"ancestorTitles":["Auth Store Logic","Race condition handling"],"duration":0,"failing":false,"failureDetails":[],"failureMessages":[],"fullName":"Auth Store Logic Race condition handling should handle multiple state updates correctly","invocations":1,"location":null,"numPassingAsserts":5,"retryReasons":[],"startAt":1754396015648,"status":"passed","title":"should handle multiple state updates correctly"},{"ancestorTitles":["Auth Store Logic","Error message mapping"],"duration":0,"failing":false,"failureDetails":[],"failureMessages":[],"fullName":"Auth Store Logic Error message mapping should map error code auth/invalid-email to user-friendly message","invocations":1,"location":null,"numPassingAsserts":1,"retryReasons":[],"startAt":1754396015648,"status":"passed","title":"should map error code auth/invalid-email to user-friendly message"},{"ancestorTitles":["Auth Store Logic","Error message mapping"],"duration":0,"failing":false,"failureDetails":[],"failureMessages":[],"fullName":"Auth Store Logic Error message mapping should map error code auth/user-not-found to user-friendly message","invocations":1,"location":null,"numPassingAsserts":1,"retryReasons":[],"startAt":1754396015649,"status":"passed","title":"should map error code auth/user-not-found to user-friendly message"},{"ancestorTitles":["Auth Store Logic","Error message mapping"],"duration":0,"failing":false,"failureDetails":[],"failureMessages":[],"fullName":"Auth Store Logic Error message mapping should map error code auth/wrong-password to user-friendly message","invocations":1,"location":null,"numPassingAsserts":1,"retryReasons":[],"startAt":1754396015649,"status":"passed","title":"should map error code auth/wrong-password to user-friendly message"},{"ancestorTitles":["Auth Store Logic","Error message mapping"],"duration":0,"failing":false,"failureDetails":[],"failureMessages":[],"fullName":"Auth Store Logic Error message mapping should map error code auth/invalid-credential to user-friendly message","invocations":1,"location":null,"numPassingAsserts":1,"retryReasons":[],"startAt":1754396015649,"status":"passed","title":"should map error code auth/invalid-credential to user-friendly message"},{"ancestorTitles":["Auth Store Logic","Error message mapping"],"duration":0,"failing":false,"failureDetails":[],"failureMessages":[],"fullName":"Auth Store Logic Error message mapping should map error code auth/too-many-requests to user-friendly message","invocations":1,"location":null,"numPassingAsserts":1,"retryReasons":[],"startAt":1754396015649,"status":"passed","title":"should map error code auth/too-many-requests to user-friendly message"},{"ancestorTitles":["Auth Store Logic","Error message mapping"],"duration":0,"failing":false,"failureDetails":[],"failureMessages":[],"fullName":"Auth Store Logic Error message mapping should map error code auth/email-already-in-use to user-friendly message","invocations":1,"location":null,"numPassingAsserts":1,"retryReasons":[],"startAt":1754396015649,"status":"passed","title":"should map error code auth/email-already-in-use to user-friendly message"},{"ancestorTitles":["Auth Store Logic","Error message mapping"],"duration":0,"failing":false,"failureDetails":[],"failureMessages":[],"fullName":"Auth Store Logic Error message mapping should map error code auth/weak-password to user-friendly message","invocations":1,"location":null,"numPassingAsserts":1,"retryReasons":[],"startAt":1754396015649,"status":"passed","title":"should map error code auth/weak-password to user-friendly message"},{"ancestorTitles":["Auth Store Logic","Error message mapping"],"duration":0,"failing":false,"failureDetails":[],"failureMessages":[],"fullName":"Auth Store Logic Error message mapping should map error code auth/network-request-failed to user-friendly message","invocations":1,"location":null,"numPassingAsserts":1,"retryReasons":[],"startAt":1754396015649,"status":"passed","title":"should map error code auth/network-request-failed to user-friendly message"},{"ancestorTitles":["Auth Store Logic","Error message mapping"],"duration":0,"failing":false,"failureDetails":[],"failureMessages":[],"fullName":"Auth Store Logic Error message mapping should map error code auth/operation-not-allowed to user-friendly message","invocations":1,"location":null,"numPassingAsserts":1,"retryReasons":[],"startAt":1754396015649,"status":"passed","title":"should map error code auth/operation-not-allowed to user-friendly message"},{"ancestorTitles":["Auth Store Logic","Error message mapping"],"duration":0,"failing":false,"failureDetails":[],"failureMessages":[],"fullName":"Auth Store Logic Error message mapping should map error code auth/requires-recent-login to user-friendly message","invocations":1,"location":null,"numPassingAsserts":1,"retryReasons":[],"startAt":1754396015649,"status":"passed","title":"should map error code auth/requires-recent-login to user-friendly message"},{"ancestorTitles":["Auth Store Logic","Error message mapping"],"duration":0,"failing":false,"failureDetails":[],"failureMessages":[],"fullName":"Auth Store Logic Error message mapping should return custom error message if already user-friendly","invocations":1,"location":null,"numPassingAsserts":1,"retryReasons":[],"startAt":1754396015650,"status":"passed","title":"should return custom error message if already user-friendly"},{"ancestorTitles":["Auth Store Logic","Error message mapping"],"duration":0,"failing":false,"failureDetails":[],"failureMessages":[],"fullName":"Auth Store Logic Error message mapping should return generic error for unknown error codes","invocations":1,"location":null,"numPassingAsserts":1,"retryReasons":[],"startAt":1754396015650,"status":"passed","title":"should return generic error for unknown error codes"},{"ancestorTitles":["Auth Store Logic","Error message mapping"],"duration":0,"failing":false,"failureDetails":[],"failureMessages":[],"fullName":"Auth Store Logic Error message mapping should handle Firebase-specific errors","invocations":1,"location":null,"numPassingAsserts":1,"retryReasons":[],"startAt":1754396015650,"status":"passed","title":"should handle Firebase-specific errors"}],"endTime":1754396015653,"message":"","name":"/Users/sam/projects/story-app/__tests__/auth/authStore.simple.test.ts","startTime":1754396015546,"status":"passed","summary":""},{"assertionResults":[{"ancestorTitles":["Auth Utilities","Email validation"],"duration":1,"failing":false,"failureDetails":[],"failureMessages":[],"fullName":"Auth Utilities Email validation should validate correct email addresses","invocations":1,"location":null,"numPassingAsserts":4,"retryReasons":[],"startAt":1754396015728,"status":"passed","title":"should validate correct email addresses"},{"ancestorTitles":["Auth Utilities","Email validation"],"duration":1,"failing":false,"failureDetails":[],"failureMessages":[],"fullName":"Auth Utilities Email validation should reject invalid email addresses","invocations":1,"location":null,"numPassingAsserts":8,"retryReasons":[],"startAt":1754396015729,"status":"passed","title":"should reject invalid email addresses"},{"ancestorTitles":["Auth Utilities","Password validation"],"duration":0,"failing":false,"failureDetails":[],"failureMessages":[],"fullName":"Auth Utilities Password validation should validate strong passwords","invocations":1,"location":null,"numPassingAsserts":8,"retryReasons":[],"startAt":1754396015730,"status":"passed","title":"should validate strong passwords"},{"ancestorTitles":["Auth Utilities","Password validation"],"duration":1,"failing":false,"failureDetails":[],"failureMessages":[],"fullName":"Auth Utilities Password validation should reject passwords that are too short","invocations":1,"location":null,"numPassingAsserts":6,"retryReasons":[],"startAt":1754396015730,"status":"passed","title":"should reject passwords that are too short"},{"ancestorTitles":["Auth Utilities","Password validation"],"duration":0,"failing":false,"failureDetails":[],"failureMessages":[],"fullName":"Auth Utilities Password validation should reject passwords without letters","invocations":1,"location":null,"numPassingAsserts":4,"retryReasons":[],"startAt":1754396015731,"status":"passed","title":"should reject passwords without letters"},{"ancestorTitles":["Auth Utilities","Password validation"],"duration":0,"failing":false,"failureDetails":[],"failureMessages":[],"fullName":"Auth Utilities Password validation should reject extremely long passwords","invocations":1,"location":null,"numPassingAsserts":2,"retryReasons":[],"startAt":1754396015731,"status":"passed","title":"should reject extremely long passwords"},{"ancestorTitles":["Auth Utilities","Test account detection"],"duration":0,"failing":false,"failureDetails":[],"failureMessages":[],"fullName":"Auth Utilities Test account detection should detect test accounts in development mode","invocations":1,"location":null,"numPassingAsserts":3,"retryReasons":[],"startAt":1754396015731,"status":"passed","title":"should detect test accounts in development mode"},{"ancestorTitles":["Auth Utilities","Test account detection"],"duration":1,"failing":false,"failureDetails":[],"failureMessages":[],"fullName":"Auth Utilities Test account detection should not detect test accounts in production mode","invocations":1,"location":null,"numPassingAsserts":2,"retryReasons":[],"startAt":1754396015731,"status":"passed","title":"should not detect test accounts in production mode"},{"ancestorTitles":["Auth Utilities","Test account detection"],"duration":0,"failing":false,"failureDetails":[],"failureMessages":[],"fullName":"Auth Utilities Test account detection should not detect regular accounts as test accounts","invocations":1,"location":null,"numPassingAsserts":6,"retryReasons":[],"startAt":1754396015732,"status":"passed","title":"should not detect regular accounts as test accounts"},{"ancestorTitles":["Auth Utilities","Auth state helpers"],"duration":0,"failing":false,"failureDetails":[],"failureMessages":[],"fullName":"Auth Utilities Auth state helpers should return loading state when loading","invocations":1,"location":null,"numPassingAsserts":2,"retryReasons":[],"startAt":1754396015732,"status":"passed","title":"should return loading state when loading"},{"ancestorTitles":["Auth Utilities","Auth state helpers"],"duration":0,"failing":false,"failureDetails":[],"failureMessages":[],"fullName":"Auth Utilities Auth state helpers should return unauthenticated when no user","invocations":1,"location":null,"numPassingAsserts":2,"retryReasons":[],"startAt":1754396015732,"status":"passed","title":"should return unauthenticated when no user"},{"ancestorTitles":["Auth Utilities","Auth state helpers"],"duration":0,"failing":false,"failureDetails":[],"failureMessages":[],"fullName":"Auth Utilities Auth state helpers should return unverified when user has unverified email","invocations":1,"location":null,"numPassingAsserts":1,"retryReasons":[],"startAt":1754396015732,"status":"passed","title":"should return unverified when user has unverified email"},{"ancestorTitles":["Auth Utilities","Auth state helpers"],"duration":1,"failing":false,"failureDetails":[],"failureMessages":[],"fullName":"Auth Utilities Auth state helpers should return authenticated when user is verified","invocations":1,"location":null,"numPassingAsserts":1,"retryReasons":[],"startAt":1754396015732,"status":"passed","title":"should return authenticated when user is verified"},{"ancestorTitles":["Auth Utilities","Auth state helpers"],"duration":0,"failing":false,"failureDetails":[],"failureMessages":[],"fullName":"Auth Utilities Auth state helpers should return authenticated for users without email","invocations":1,"location":null,"numPassingAsserts":1,"retryReasons":[],"startAt":1754396015733,"status":"passed","title":"should return authenticated for users without email"},{"ancestorTitles":["Auth Utilities","User display name helpers"],"duration":0,"failing":false,"failureDetails":[],"failureMessages":[],"fullName":"Auth Utilities User display name helpers should return display name when available","invocations":1,"location":null,"numPassingAsserts":1,"retryReasons":[],"startAt":1754396015733,"status":"passed","title":"should return display name when available"},{"ancestorTitles":["Auth Utilities","User display name helpers"],"duration":0,"failing":false,"failureDetails":[],"failureMessages":[],"fullName":"Auth Utilities User display name helpers should extract name from email when no display name","invocations":1,"location":null,"numPassingAsserts":1,"retryReasons":[],"startAt":1754396015733,"status":"passed","title":"should extract name from email when no display name"},{"ancestorTitles":["Auth Utilities","User display name helpers"],"duration":0,"failing":false,"failureDetails":[],"failureMessages":[],"fullName":"Auth Utilities User display name helpers should return default when no display name or email","invocations":1,"location":null,"numPassingAsserts":1,"retryReasons":[],"startAt":1754396015733,"status":"passed","title":"should return default when no display name or email"},{"ancestorTitles":["Auth Utilities","User display name helpers"],"duration":0,"failing":false,"failureDetails":[],"failureMessages":[],"fullName":"Auth Utilities User display name helpers should handle null or undefined user","invocations":1,"location":null,"numPassingAsserts":2,"retryReasons":[],"startAt":1754396015733,"status":"passed","title":"should handle null or undefined user"}],"endTime":1754396015734,"message":"","name":"/Users/sam/projects/story-app/__tests__/auth/authUtils.test.ts","startTime":1754396015655,"status":"passed","summary":""}],"wasInterrupted":false,"coverageMap":{"/Users/sam/projects/story-app/types/child.types.ts":{"path":"/Users/sam/projects/story-app/types/child.types.ts","statementMap":{},"fnMap":{},"branchMap":{},"s":{},"f":{},"b":{}},"/Users/sam/projects/story-app/types/auth.types.ts":{"path":"/Users/sam/projects/story-app/types/auth.types.ts","statementMap":{},"fnMap":{},"branchMap":{},"s":{},"f":{},"b":{}},"/Users/sam/projects/story-app/types/savedCharacter.types.ts":{"path":"/Users/sam/projects/story-app/types/savedCharacter.types.ts","statementMap":{},"fnMap":{},"branchMap":{},"s":{},"f":{},"b":{}},"/Users/sam/projects/story-app/types/story.types.ts":{"path":"/Users/sam/projects/story-app/types/story.types.ts","statementMap":{},"fnMap":{},"branchMap":{},"s":{},"f":{},"b":{}},"/Users/sam/projects/story-app/app/+not-found.tsx":{"path":"/Users/sam/projects/story-app/app/+not-found.tsx","statementMap":{"0":{"start":{"line":8,"column":2},"end":{"line":18,"column":4}},"1":{"start":{"line":21,"column":15},"end":{"line":32,"column":2}}},"fnMap":{"0":{"name":"NotFoundScreen","decl":{"start":{"line":7,"column":24},"end":{"line":7,"column":38}},"loc":{"start":{"line":7,"column":41},"end":{"line":19,"column":1}},"line":7}},"branchMap":{},"s":{"0":0,"1":0},"f":{"0":0},"b":{}},"/Users/sam/projects/story-app/app/_layout.tsx":{"path":"/Users/sam/projects/story-app/app/_layout.tsx","statementMap":{"0":{"start":{"line":18,"column":22},"end":{"line":18,"column":38}},"1":{"start":{"line":19,"column":22},"end":{"line":19,"column":31}},"2":{"start":{"line":22,"column":19},"end":{"line":29,"column":3}},"3":{"start":{"line":31,"column":2},"end":{"line":34,"column":3}},"4":{"start":{"line":33,"column":4},"end":{"line":33,"column":63}},"5":{"start":{"line":36,"column":2},"end":{"line":39,"column":3}},"6":{"start":{"line":38,"column":4},"end":{"line":38,"column":65}},"7":{"start":{"line":41,"column":2},"end":{"line":76,"column":4}}},"fnMap":{"0":{"name":"RootLayout","decl":{"start":{"line":17,"column":24},"end":{"line":17,"column":34}},"loc":{"start":{"line":17,"column":37},"end":{"line":77,"column":1}},"line":17}},"branchMap":{"0":{"loc":{"start":{"line":23,"column":4},"end":{"line":28,"column":10}},"type":"cond-expr","locations":[{"start":{"line":24,"column":8},"end":{"line":27,"column":9}},{"start":{"line":28,"column":8},"end":{"line":28,"column":10}}],"line":23},"1":{"loc":{"start":{"line":31,"column":2},"end":{"line":34,"column":3}},"type":"if","locations":[{"start":{"line":31,"column":2},"end":{"line":34,"column":3}},{"start":{},"end":{}}],"line":31},"2":{"loc":{"start":{"line":31,"column":6},"end":{"line":31,"column":38}},"type":"binary-expr","locations":[{"start":{"line":31,"column":6},"end":{"line":31,"column":27}},{"start":{"line":31,"column":31},"end":{"line":31,"column":38}}],"line":31},"3":{"loc":{"start":{"line":36,"column":2},"end":{"line":39,"column":3}},"type":"if","locations":[{"start":{"line":36,"column":2},"end":{"line":39,"column":3}},{"start":{},"end":{}}],"line":36},"4":{"loc":{"start":{"line":43,"column":28},"end":{"line":43,"column":77}},"type":"cond-expr","locations":[{"start":{"line":43,"column":53},"end":{"line":43,"column":62}},{"start":{"line":43,"column":65},"end":{"line":43,"column":77}}],"line":43}},"s":{"0":0,"1":0,"2":0,"3":0,"4":0,"5":0,"6":0,"7":0},"f":{"0":0},"b":{"0":[0,0],"1":[0,0],"2":[0,0],"3":[0,0],"4":[0,0]}},"/Users/sam/projects/story-app/app/(tabs)/_layout.tsx":{"path":"/Users/sam/projects/story-app/app/(tabs)/_layout.tsx","statementMap":{"0":{"start":{"line":11,"column":19},"end":{"line":11,"column":28}},"1":{"start":{"line":12,"column":17},"end":{"line":12,"column":28}},"2":{"start":{"line":14,"column":2},"end":{"line":14,"column":90}},"3":{"start":{"line":16,"column":2},"end":{"line":21,"column":21}},"4":{"start":{"line":17,"column":4},"end":{"line":20,"column":5}},"5":{"start":{"line":18,"column":6},"end":{"line":18,"column":86}},"6":{"start":{"line":19,"column":6},"end":{"line":19,"column":38}},"7":{"start":{"line":24,"column":2},"end":{"line":27,"column":3}},"8":{"start":{"line":25,"column":4},"end":{"line":25,"column":69}},"9":{"start":{"line":26,"column":4},"end":{"line":26,"column":45}},"10":{"start":{"line":29,"column":2},"end":{"line":77,"column":4}},"11":{"start":{"line":54,"column":12},"end":{"line":54,"column":77}},"12":{"start":{"line":63,"column":12},"end":{"line":63,"column":74}},"13":{"start":{"line":72,"column":12},"end":{"line":72,"column":62}}},"fnMap":{"0":{"name":"TabLayout","decl":{"start":{"line":10,"column":24},"end":{"line":10,"column":33}},"loc":{"start":{"line":10,"column":36},"end":{"line":78,"column":1}},"line":10},"1":{"name":"(anonymous_1)","decl":{"start":{"line":16,"column":12},"end":{"line":16,"column":13}},"loc":{"start":{"line":16,"column":18},"end":{"line":21,"column":3}},"line":16},"2":{"name":"(anonymous_2)","decl":{"start":{"line":53,"column":22},"end":{"line":53,"column":23}},"loc":{"start":{"line":54,"column":12},"end":{"line":54,"column":77}},"line":54},"3":{"name":"(anonymous_3)","decl":{"start":{"line":62,"column":22},"end":{"line":62,"column":23}},"loc":{"start":{"line":63,"column":12},"end":{"line":63,"column":74}},"line":63},"4":{"name":"(anonymous_4)","decl":{"start":{"line":71,"column":22},"end":{"line":71,"column":23}},"loc":{"start":{"line":72,"column":12},"end":{"line":72,"column":62}},"line":72}},"branchMap":{"0":{"loc":{"start":{"line":14,"column":43},"end":{"line":14,"column":88}},"type":"cond-expr","locations":[{"start":{"line":14,"column":50},"end":{"line":14,"column":79}},{"start":{"line":14,"column":82},"end":{"line":14,"column":88}}],"line":14},"1":{"loc":{"start":{"line":17,"column":4},"end":{"line":20,"column":5}},"type":"if","locations":[{"start":{"line":17,"column":4},"end":{"line":20,"column":5}},{"start":{},"end":{}}],"line":17},"2":{"loc":{"start":{"line":24,"column":2},"end":{"line":27,"column":3}},"type":"if","locations":[{"start":{"line":24,"column":2},"end":{"line":27,"column":3}},{"start":{},"end":{}}],"line":24}},"s":{"0":0,"1":0,"2":0,"3":0,"4":0,"5":0,"6":0,"7":0,"8":0,"9":0,"10":0,"11":0,"12":0,"13":0},"f":{"0":0,"1":0,"2":0,"3":0,"4":0},"b":{"0":[0,0],"1":[0,0],"2":[0,0]}},"/Users/sam/projects/story-app/app/(auth)/_layout.tsx":{"path":"/Users/sam/projects/story-app/app/(auth)/_layout.tsx","statementMap":{"0":{"start":{"line":4,"column":2},"end":{"line":13,"column":4}}},"fnMap":{"0":{"name":"AuthLayout","decl":{"start":{"line":3,"column":24},"end":{"line":3,"column":34}},"loc":{"start":{"line":3,"column":37},"end":{"line":14,"column":1}},"line":3}},"branchMap":{},"s":{"0":0},"f":{"0":0},"b":{}},"/Users/sam/projects/story-app/app/child-profile.tsx":{"path":"/Users/sam/projects/story-app/app/child-profile.tsx","statementMap":{"0":{"start":{"line":21,"column":17},"end":{"line":21,"column":28}},"1":{"start":{"line":22,"column":22},"end":{"line":22,"column":66}},"2":{"start":{"line":23,"column":55},"end":{"line":23,"column":68}},"3":{"start":{"line":24,"column":18},"end":{"line":28,"column":10}},"4":{"start":{"line":30,"column":16},"end":{"line":30,"column":77}},"5":{"start":{"line":30,"column":48},"end":{"line":30,"column":64}},"6":{"start":{"line":32,"column":21},"end":{"line":44,"column":3}},"7":{"start":{"line":33,"column":4},"end":{"line":43,"column":5}},"8":{"start":{"line":34,"column":6},"end":{"line":38,"column":7}},"9":{"start":{"line":35,"column":8},"end":{"line":35,"column":46}},"10":{"start":{"line":37,"column":8},"end":{"line":37,"column":34}},"11":{"start":{"line":39,"column":6},"end":{"line":39,"column":20}},"12":{"start":{"line":42,"column":6},"end":{"line":42,"column":48}},"13":{"start":{"line":46,"column":23},"end":{"line":68,"column":3}},"14":{"start":{"line":47,"column":23},"end":{"line":47,"column":59}},"15":{"start":{"line":49,"column":4},"end":{"line":67,"column":5}},"16":{"start":{"line":50,"column":6},"end":{"line":64,"column":8}},"17":{"start":{"line":61,"column":27},"end":{"line":61,"column":40}},"18":{"start":{"line":66,"column":6},"end":{"line":66,"column":20}},"19":{"start":{"line":70,"column":2},"end":{"line":111,"column":4}},"20":{"start":{"line":90,"column":14},"end":{"line":90,"column":44}},"21":{"start":{"line":114,"column":15},"end":{"line":152,"column":2}}},"fnMap":{"0":{"name":"ChildProfileScreen","decl":{"start":{"line":20,"column":24},"end":{"line":20,"column":42}},"loc":{"start":{"line":20,"column":45},"end":{"line":112,"column":1}},"line":20},"1":{"name":"(anonymous_1)","decl":{"start":{"line":30,"column":41},"end":{"line":30,"column":42}},"loc":{"start":{"line":30,"column":48},"end":{"line":30,"column":64}},"line":30},"2":{"name":"(anonymous_2)","decl":{"start":{"line":32,"column":21},"end":{"line":32,"column":22}},"loc":{"start":{"line":32,"column":61},"end":{"line":44,"column":3}},"line":32},"3":{"name":"(anonymous_3)","decl":{"start":{"line":46,"column":23},"end":{"line":46,"column":24}},"loc":{"start":{"line":46,"column":29},"end":{"line":68,"column":3}},"line":46},"4":{"name":"(anonymous_4)","decl":{"start":{"line":61,"column":21},"end":{"line":61,"column":22}},"loc":{"start":{"line":61,"column":27},"end":{"line":61,"column":40}},"line":61},"5":{"name":"(anonymous_5)","decl":{"start":{"line":88,"column":21},"end":{"line":88,"column":22}},"loc":{"start":{"line":88,"column":27},"end":{"line":91,"column":13}},"line":88}},"branchMap":{"0":{"loc":{"start":{"line":30,"column":16},"end":{"line":30,"column":77}},"type":"cond-expr","locations":[{"start":{"line":30,"column":26},"end":{"line":30,"column":65}},{"start":{"line":30,"column":68},"end":{"line":30,"column":77}}],"line":30},"1":{"loc":{"start":{"line":34,"column":6},"end":{"line":38,"column":7}},"type":"if","locations":[{"start":{"line":34,"column":6},"end":{"line":38,"column":7}},{"start":{"line":36,"column":13},"end":{"line":38,"column":7}}],"line":34},"2":{"loc":{"start":{"line":34,"column":10},"end":{"line":34,"column":26}},"type":"binary-expr","locations":[{"start":{"line":34,"column":10},"end":{"line":34,"column":17}},{"start":{"line":34,"column":21},"end":{"line":34,"column":26}}],"line":34},"3":{"loc":{"start":{"line":49,"column":4},"end":{"line":67,"column":5}},"type":"if","locations":[{"start":{"line":49,"column":4},"end":{"line":67,"column":5}},{"start":{"line":65,"column":11},"end":{"line":67,"column":5}}],"line":49},"4":{"loc":{"start":{"line":95,"column":47},"end":{"line":95,"column":77}},"type":"binary-expr","locations":[{"start":{"line":95,"column":47},"end":{"line":95,"column":54}},{"start":{"line":95,"column":58},"end":{"line":95,"column":77}}],"line":95},"5":{"loc":{"start":{"line":127,"column":16},"end":{"line":127,"column":44}},"type":"binary-expr","locations":[{"start":{"line":127,"column":16},"end":{"line":127,"column":39}},{"start":{"line":127,"column":43},"end":{"line":127,"column":44}}],"line":127}},"s":{"0":0,"1":0,"2":0,"3":0,"4":0,"5":0,"6":0,"7":0,"8":0,"9":0,"10":0,"11":0,"12":0,"13":0,"14":0,"15":0,"16":0,"17":0,"18":0,"19":0,"20":0,"21":0},"f":{"0":0,"1":0,"2":0,"3":0,"4":0,"5":0},"b":{"0":[0,0],"1":[0,0],"2":[0,0],"3":[0,0],"4":[0,0],"5":[0,0]}},"/Users/sam/projects/story-app/app/(tabs)/create.tsx":{"path":"/Users/sam/projects/story-app/app/(tabs)/create.tsx","statementMap":{"0":{"start":{"line":26,"column":23},"end":{"line":26,"column":36}},"1":{"start":{"line":27,"column":17},"end":{"line":27,"column":36}},"2":{"start":{"line":29,"column":28},"end":{"line":45,"column":3}},"3":{"start":{"line":30,"column":4},"end":{"line":43,"column":5}},"4":{"start":{"line":31,"column":6},"end":{"line":41,"column":8}},"5":{"start":{"line":38,"column":27},"end":{"line":38,"column":58}},"6":{"start":{"line":42,"column":6},"end":{"line":42,"column":13}},"7":{"start":{"line":44,"column":4},"end":{"line":44,"column":34}},"8":{"start":{"line":47,"column":2},"end":{"line":116,"column":4}},"9":{"start":{"line":119,"column":15},"end":{"line":173,"column":2}}},"fnMap":{"0":{"name":"CreateScreen","decl":{"start":{"line":25,"column":24},"end":{"line":25,"column":36}},"loc":{"start":{"line":25,"column":39},"end":{"line":117,"column":1}},"line":25},"1":{"name":"(anonymous_1)","decl":{"start":{"line":29,"column":28},"end":{"line":29,"column":29}},"loc":{"start":{"line":29,"column":34},"end":{"line":45,"column":3}},"line":29},"2":{"name":"(anonymous_2)","decl":{"start":{"line":38,"column":21},"end":{"line":38,"column":22}},"loc":{"start":{"line":38,"column":27},"end":{"line":38,"column":58}},"line":38}},"branchMap":{"0":{"loc":{"start":{"line":30,"column":4},"end":{"line":43,"column":5}},"type":"if","locations":[{"start":{"line":30,"column":4},"end":{"line":43,"column":5}},{"start":{},"end":{}}],"line":30},"1":{"loc":{"start":{"line":60,"column":17},"end":{"line":63,"column":23}},"type":"binary-expr","locations":[{"start":{"line":60,"column":17},"end":{"line":63,"column":18}},{"start":{"line":63,"column":22},"end":{"line":63,"column":23}}],"line":60},"2":{"loc":{"start":{"line":61,"column":27},"end":{"line":61,"column":57}},"type":"binary-expr","locations":[{"start":{"line":61,"column":27},"end":{"line":61,"column":52}},{"start":{"line":61,"column":56},"end":{"line":61,"column":57}}],"line":61}},"s":{"0":0,"1":0,"2":0,"3":0,"4":0,"5":0,"6":0,"7":0,"8":0,"9":0},"f":{"0":0,"1":0,"2":0},"b":{"0":[0,0],"1":[0,0],"2":[0,0]}},"/Users/sam/projects/story-app/app/wizard.tsx":{"path":"/Users/sam/projects/story-app/app/wizard.tsx","statementMap":{"0":{"start":{"line":8,"column":31},"end":{"line":28,"column":3}},"1":{"start":{"line":9,"column":4},"end":{"line":27,"column":5}},"2":{"start":{"line":11,"column":6},"end":{"line":17,"column":7}},"3":{"start":{"line":13,"column":8},"end":{"line":16,"column":11}},"4":{"start":{"line":19,"column":6},"end":{"line":19,"column":57}},"5":{"start":{"line":20,"column":6},"end":{"line":26,"column":8}},"6":{"start":{"line":30,"column":23},"end":{"line":32,"column":3}},"7":{"start":{"line":31,"column":4},"end":{"line":31,"column":18}},"8":{"start":{"line":34,"column":2},"end":{"line":36,"column":4}}},"fnMap":{"0":{"name":"WizardScreen","decl":{"start":{"line":7,"column":24},"end":{"line":7,"column":36}},"loc":{"start":{"line":7,"column":39},"end":{"line":37,"column":1}},"line":7},"1":{"name":"(anonymous_1)","decl":{"start":{"line":8,"column":31},"end":{"line":8,"column":32}},"loc":{"start":{"line":8,"column":73},"end":{"line":28,"column":3}},"line":8},"2":{"name":"(anonymous_2)","decl":{"start":{"line":30,"column":23},"end":{"line":30,"column":24}},"loc":{"start":{"line":30,"column":29},"end":{"line":32,"column":3}},"line":30}},"branchMap":{"0":{"loc":{"start":{"line":11,"column":6},"end":{"line":17,"column":7}},"type":"if","locations":[{"start":{"line":11,"column":6},"end":{"line":17,"column":7}},{"start":{},"end":{}}],"line":11},"1":{"loc":{"start":{"line":22,"column":8},"end":{"line":24,"column":53}},"type":"cond-expr","locations":[{"start":{"line":23,"column":12},"end":{"line":23,"column":25}},{"start":{"line":24,"column":12},"end":{"line":24,"column":53}}],"line":22}},"s":{"0":0,"1":0,"2":0,"3":0,"4":0,"5":0,"6":0,"7":0,"8":0},"f":{"0":0,"1":0,"2":0},"b":{"0":[0,0],"1":[0,0]}},"/Users/sam/projects/story-app/app/(auth)/verify-email.tsx":{"path":"/Users/sam/projects/story-app/app/(auth)/verify-email.tsx","statementMap":{"0":{"start":{"line":26,"column":18},"end":{"line":26,"column":42}},"1":{"start":{"line":27,"column":17},"end":{"line":27,"column":29}},"2":{"start":{"line":30,"column":22},"end":{"line":30,"column":31}},"3":{"start":{"line":32,"column":25},"end":{"line":35,"column":3}},"4":{"start":{"line":34,"column":4},"end":{"line":34,"column":24}},"5":{"start":{"line":37,"column":24},"end":{"line":40,"column":3}},"6":{"start":{"line":38,"column":4},"end":{"line":38,"column":20}},"7":{"start":{"line":39,"column":4},"end":{"line":39,"column":36}},"8":{"start":{"line":43,"column":27},"end":{"line":43,"column":70}},"9":{"start":{"line":45,"column":2},"end":{"line":93,"column":4}},"10":{"start":{"line":96,"column":15},"end":{"line":181,"column":2}}},"fnMap":{"0":{"name":"VerifyEmailScreen","decl":{"start":{"line":29,"column":24},"end":{"line":29,"column":41}},"loc":{"start":{"line":29,"column":44},"end":{"line":94,"column":1}},"line":29},"1":{"name":"(anonymous_1)","decl":{"start":{"line":32,"column":25},"end":{"line":32,"column":26}},"loc":{"start":{"line":32,"column":31},"end":{"line":35,"column":3}},"line":32},"2":{"name":"(anonymous_2)","decl":{"start":{"line":37,"column":24},"end":{"line":37,"column":25}},"loc":{"start":{"line":37,"column":36},"end":{"line":40,"column":3}},"line":37}},"branchMap":{"0":{"loc":{"start":{"line":43,"column":27},"end":{"line":43,"column":70}},"type":"cond-expr","locations":[{"start":{"line":43,"column":51},"end":{"line":43,"column":63}},{"start":{"line":43,"column":66},"end":{"line":43,"column":70}}],"line":43},"1":{"loc":{"start":{"line":50,"column":20},"end":{"line":50,"column":47}},"type":"cond-expr","locations":[{"start":{"line":50,"column":31},"end":{"line":50,"column":38}},{"start":{"line":50,"column":41},"end":{"line":50,"column":47}}],"line":50},"2":{"loc":{"start":{"line":65,"column":14},"end":{"line":67,"column":15}},"type":"binary-expr","locations":[{"start":{"line":65,"column":14},"end":{"line":65,"column":39}},{"start":{"line":65,"column":43},"end":{"line":67,"column":15}}],"line":65},"3":{"loc":{"start":{"line":66,"column":29},"end":{"line":66,"column":59}},"type":"binary-expr","locations":[{"start":{"line":66,"column":29},"end":{"line":66,"column":54}},{"start":{"line":66,"column":58},"end":{"line":66,"column":59}}],"line":66},"4":{"loc":{"start":{"line":107,"column":16},"end":{"line":107,"column":57}},"type":"cond-expr","locations":[{"start":{"line":107,"column":27},"end":{"line":107,"column":42}},{"start":{"line":107,"column":45},"end":{"line":107,"column":57}}],"line":107},"5":{"loc":{"start":{"line":112,"column":18},"end":{"line":112,"column":59}},"type":"cond-expr","locations":[{"start":{"line":112,"column":29},"end":{"line":112,"column":44}},{"start":{"line":112,"column":47},"end":{"line":112,"column":59}}],"line":112},"6":{"loc":{"start":{"line":116,"column":14},"end":{"line":118,"column":35}},"type":"cond-expr","locations":[{"start":{"line":117,"column":8},"end":{"line":117,"column":36}},{"start":{"line":118,"column":8},"end":{"line":118,"column":35}}],"line":116},"7":{"loc":{"start":{"line":127,"column":14},"end":{"line":127,"column":72}},"type":"cond-expr","locations":[{"start":{"line":127,"column":25},"end":{"line":127,"column":47}},{"start":{"line":127,"column":50},"end":{"line":127,"column":72}}],"line":127},"8":{"loc":{"start":{"line":132,"column":14},"end":{"line":132,"column":79}},"type":"cond-expr","locations":[{"start":{"line":132,"column":25},"end":{"line":132,"column":51}},{"start":{"line":132,"column":54},"end":{"line":132,"column":79}}],"line":132},"9":{"loc":{"start":{"line":135,"column":16},"end":{"line":135,"column":34}},"type":"cond-expr","locations":[{"start":{"line":135,"column":27},"end":{"line":135,"column":29}},{"start":{"line":135,"column":32},"end":{"line":135,"column":34}}],"line":135},"10":{"loc":{"start":{"line":139,"column":14},"end":{"line":139,"column":34}},"type":"cond-expr","locations":[{"start":{"line":139,"column":25},"end":{"line":139,"column":28}},{"start":{"line":139,"column":31},"end":{"line":139,"column":34}}],"line":139},"11":{"loc":{"start":{"line":148,"column":13},"end":{"line":148,"column":50}},"type":"cond-expr","locations":[{"start":{"line":148,"column":24},"end":{"line":148,"column":36}},{"start":{"line":148,"column":39},"end":{"line":148,"column":50}}],"line":148},"12":{"loc":{"start":{"line":152,"column":19},"end":{"line":152,"column":71}},"type":"cond-expr","locations":[{"start":{"line":152,"column":43},"end":{"line":152,"column":53}},{"start":{"line":152,"column":56},"end":{"line":152,"column":71}}],"line":152},"13":{"loc":{"start":{"line":153,"column":14},"end":{"line":153,"column":34}},"type":"cond-expr","locations":[{"start":{"line":153,"column":25},"end":{"line":153,"column":28}},{"start":{"line":153,"column":31},"end":{"line":153,"column":34}}],"line":153}},"s":{"0":0,"1":0,"2":0,"3":0,"4":0,"5":0,"6":0,"7":0,"8":0,"9":0,"10":0},"f":{"0":0,"1":0,"2":0},"b":{"0":[0,0],"1":[0,0],"2":[0,0],"3":[0,0],"4":[0,0],"5":[0,0],"6":[0,0],"7":[0,0],"8":[0,0],"9":[0,0],"10":[0,0],"11":[0,0],"12":[0,0],"13":[0,0]}},"/Users/sam/projects/story-app/app/index.tsx":{"path":"/Users/sam/projects/story-app/app/index.tsx","statementMap":{"0":{"start":{"line":9,"column":28},"end":{"line":9,"column":37}},"1":{"start":{"line":14,"column":6},"end":{"line":14,"column":21}},"2":{"start":{"line":17,"column":32},"end":{"line":17,"column":47}},"3":{"start":{"line":19,"column":2},"end":{"line":34,"column":74}},"4":{"start":{"line":20,"column":4},"end":{"line":26,"column":7}},"5":{"start":{"line":30,"column":4},"end":{"line":33,"column":5}},"6":{"start":{"line":31,"column":6},"end":{"line":31,"column":53}},"7":{"start":{"line":32,"column":6},"end":{"line":32,"column":23}},"8":{"start":{"line":36,"column":35},"end":{"line":39,"column":3}},"9":{"start":{"line":38,"column":4},"end":{"line":38,"column":31}},"10":{"start":{"line":43,"column":2},"end":{"line":46,"column":3}},"11":{"start":{"line":44,"column":4},"end":{"line":44,"column":66}},"12":{"start":{"line":45,"column":4},"end":{"line":45,"column":65}},"13":{"start":{"line":49,"column":2},"end":{"line":72,"column":3}},"14":{"start":{"line":51,"column":26},"end":{"line":51,"column":78}},"15":{"start":{"line":52,"column":4},"end":{"line":55,"column":5}},"16":{"start":{"line":53,"column":6},"end":{"line":53,"column":57}},"17":{"start":{"line":54,"column":6},"end":{"line":54,"column":54}},"18":{"start":{"line":57,"column":4},"end":{"line":68,"column":5}},"19":{"start":{"line":58,"column":6},"end":{"line":58,"column":71}},"20":{"start":{"line":59,"column":6},"end":{"line":59,"column":41}},"21":{"start":{"line":61,"column":6},"end":{"line":61,"column":55}},"22":{"start":{"line":62,"column":6},"end":{"line":67,"column":8}},"23":{"start":{"line":70,"column":4},"end":{"line":70,"column":58}},"24":{"start":{"line":71,"column":4},"end":{"line":71,"column":45}}},"fnMap":{"0":{"name":"Index","decl":{"start":{"line":8,"column":24},"end":{"line":8,"column":29}},"loc":{"start":{"line":8,"column":32},"end":{"line":73,"column":1}},"line":8},"1":{"name":"(anonymous_1)","decl":{"start":{"line":19,"column":12},"end":{"line":19,"column":13}},"loc":{"start":{"line":19,"column":18},"end":{"line":34,"column":3}},"line":19},"2":{"name":"(anonymous_2)","decl":{"start":{"line":36,"column":35},"end":{"line":36,"column":36}},"loc":{"start":{"line":36,"column":47},"end":{"line":39,"column":3}},"line":36}},"branchMap":{"0":{"loc":{"start":{"line":21,"column":12},"end":{"line":21,"column":77}},"type":"cond-expr","locations":[{"start":{"line":21,"column":19},"end":{"line":21,"column":68}},{"start":{"line":21,"column":71},"end":{"line":21,"column":77}}],"line":21},"1":{"loc":{"start":{"line":30,"column":4},"end":{"line":33,"column":5}},"type":"if","locations":[{"start":{"line":30,"column":4},"end":{"line":33,"column":5}},{"start":{},"end":{}}],"line":30},"2":{"loc":{"start":{"line":30,"column":8},"end":{"line":30,"column":50}},"type":"binary-expr","locations":[{"start":{"line":30,"column":8},"end":{"line":30,"column":16}},{"start":{"line":30,"column":20},"end":{"line":30,"column":38}},{"start":{"line":30,"column":42},"end":{"line":30,"column":50}}],"line":30},"3":{"loc":{"start":{"line":43,"column":2},"end":{"line":46,"column":3}},"type":"if","locations":[{"start":{"line":43,"column":2},"end":{"line":46,"column":3}},{"start":{},"end":{}}],"line":43},"4":{"loc":{"start":{"line":49,"column":2},"end":{"line":72,"column":3}},"type":"if","locations":[{"start":{"line":49,"column":2},"end":{"line":72,"column":3}},{"start":{"line":69,"column":9},"end":{"line":72,"column":3}}],"line":49},"5":{"loc":{"start":{"line":51,"column":26},"end":{"line":51,"column":78}},"type":"binary-expr","locations":[{"start":{"line":51,"column":26},"end":{"line":51,"column":33}},{"start":{"line":51,"column":37},"end":{"line":51,"column":78}}],"line":51},"6":{"loc":{"start":{"line":52,"column":4},"end":{"line":55,"column":5}},"type":"if","locations":[{"start":{"line":52,"column":4},"end":{"line":55,"column":5}},{"start":{},"end":{}}],"line":52},"7":{"loc":{"start":{"line":52,"column":8},"end":{"line":52,"column":59}},"type":"binary-expr","locations":[{"start":{"line":52,"column":8},"end":{"line":52,"column":18}},{"start":{"line":52,"column":22},"end":{"line":52,"column":41}},{"start":{"line":52,"column":45},"end":{"line":52,"column":59}}],"line":52},"8":{"loc":{"start":{"line":57,"column":4},"end":{"line":68,"column":5}},"type":"if","locations":[{"start":{"line":57,"column":4},"end":{"line":68,"column":5}},{"start":{"line":60,"column":11},"end":{"line":68,"column":5}}],"line":57}},"s":{"0":0,"1":0,"2":0,"3":0,"4":0,"5":0,"6":0,"7":0,"8":0,"9":0,"10":0,"11":0,"12":0,"13":0,"14":0,"15":0,"16":0,"17":0,"18":0,"19":0,"20":0,"21":0,"22":0,"23":0,"24":0},"f":{"0":0,"1":0,"2":0},"b":{"0":[0,0],"1":[0,0],"2":[0,0,0],"3":[0,0],"4":[0,0],"5":[0,0],"6":[0,0],"7":[0,0,0],"8":[0,0]}},"/Users/sam/projects/story-app/components/Collapsible.tsx":{"path":"/Users/sam/projects/story-app/components/Collapsible.tsx","statementMap":{"0":{"start":{"line":14,"column":30},"end":{"line":14,"column":45}},"1":{"start":{"line":15,"column":16},"end":{"line":15,"column":43}},"2":{"start":{"line":17,"column":2},"end":{"line":36,"column":4}},"3":{"start":{"line":21,"column":23},"end":{"line":21,"column":51}},"4":{"start":{"line":21,"column":44},"end":{"line":21,"column":50}},"5":{"start":{"line":39,"column":15},"end":{"line":49,"column":2}}},"fnMap":{"0":{"name":"Collapsible","decl":{"start":{"line":10,"column":16},"end":{"line":10,"column":27}},"loc":{"start":{"line":13,"column":42},"end":{"line":37,"column":1}},"line":13},"1":{"name":"(anonymous_1)","decl":{"start":{"line":21,"column":17},"end":{"line":21,"column":18}},"loc":{"start":{"line":21,"column":23},"end":{"line":21,"column":51}},"line":21},"2":{"name":"(anonymous_2)","decl":{"start":{"line":21,"column":33},"end":{"line":21,"column":34}},"loc":{"start":{"line":21,"column":44},"end":{"line":21,"column":50}},"line":21}},"branchMap":{"0":{"loc":{"start":{"line":15,"column":16},"end":{"line":15,"column":43}},"type":"binary-expr","locations":[{"start":{"line":15,"column":16},"end":{"line":15,"column":32}},{"start":{"line":15,"column":36},"end":{"line":15,"column":43}}],"line":15},"1":{"loc":{"start":{"line":28,"column":17},"end":{"line":28,"column":73}},"type":"cond-expr","locations":[{"start":{"line":28,"column":37},"end":{"line":28,"column":54}},{"start":{"line":28,"column":57},"end":{"line":28,"column":73}}],"line":28},"2":{"loc":{"start":{"line":29,"column":41},"end":{"line":29,"column":66}},"type":"cond-expr","locations":[{"start":{"line":29,"column":50},"end":{"line":29,"column":57}},{"start":{"line":29,"column":60},"end":{"line":29,"column":66}}],"line":29},"3":{"loc":{"start":{"line":34,"column":7},"end":{"line":34,"column":75}},"type":"binary-expr","locations":[{"start":{"line":34,"column":7},"end":{"line":34,"column":13}},{"start":{"line":34,"column":17},"end":{"line":34,"column":75}}],"line":34}},"s":{"0":0,"1":0,"2":0,"3":0,"4":0,"5":0},"f":{"0":0,"1":0,"2":0},"b":{"0":[0,0],"1":[0,0],"2":[0,0],"3":[0,0]}},"/Users/sam/projects/story-app/constants/Colors.ts":{"path":"/Users/sam/projects/story-app/constants/Colors.ts","statementMap":{"0":{"start":{"line":8,"column":23},"end":{"line":8,"column":42}},"1":{"start":{"line":9,"column":22},"end":{"line":9,"column":41}},"2":{"start":{"line":11,"column":22},"end":{"line":28,"column":1}}},"fnMap":{},"branchMap":{},"s":{"0":0,"1":0,"2":0},"f":{},"b":{}},"/Users/sam/projects/story-app/components/HapticTab.tsx":{"path":"/Users/sam/projects/story-app/components/HapticTab.tsx","statementMap":{"0":{"start":{"line":6,"column":2},"end":{"line":17,"column":4}},"1":{"start":{"line":10,"column":8},"end":{"line":13,"column":9}},"2":{"start":{"line":12,"column":10},"end":{"line":12,"column":65}},"3":{"start":{"line":14,"column":8},"end":{"line":14,"column":30}}},"fnMap":{"0":{"name":"HapticTab","decl":{"start":{"line":5,"column":16},"end":{"line":5,"column":25}},"loc":{"start":{"line":5,"column":58},"end":{"line":18,"column":1}},"line":5},"1":{"name":"(anonymous_1)","decl":{"start":{"line":9,"column":17},"end":{"line":9,"column":18}},"loc":{"start":{"line":9,"column":25},"end":{"line":15,"column":7}},"line":9}},"branchMap":{"0":{"loc":{"start":{"line":10,"column":8},"end":{"line":13,"column":9}},"type":"if","locations":[{"start":{"line":10,"column":8},"end":{"line":13,"column":9}},{"start":{},"end":{}}],"line":10}},"s":{"0":0,"1":0,"2":0,"3":0},"f":{"0":0,"1":0},"b":{"0":[0,0]}},"/Users/sam/projects/story-app/app/saved-character-profile.tsx":{"path":"/Users/sam/projects/story-app/app/saved-character-profile.tsx","statementMap":{"0":{"start":{"line":22,"column":17},"end":{"line":22,"column":28}},"1":{"start":{"line":23,"column":17},"end":{"line":30,"column":6}},"2":{"start":{"line":37,"column":6},"end":{"line":37,"column":26}},"3":{"start":{"line":38,"column":18},"end":{"line":41,"column":10}},"4":{"start":{"line":43,"column":20},"end":{"line":51,"column":17}},"5":{"start":{"line":44,"column":35},"end":{"line":44,"column":62}},"6":{"start":{"line":53,"column":21},"end":{"line":118,"column":3}},"7":{"start":{"line":57,"column":4},"end":{"line":117,"column":5}},"8":{"start":{"line":58,"column":6},"end":{"line":112,"column":7}},"9":{"start":{"line":59,"column":8},"end":{"line":59,"column":70}},"10":{"start":{"line":60,"column":13},"end":{"line":112,"column":7}},"11":{"start":{"line":62,"column":8},"end":{"line":89,"column":9}},"12":{"start":{"line":64,"column":10},"end":{"line":64,"column":49}},"13":{"start":{"line":65,"column":10},"end":{"line":68,"column":13}},"14":{"start":{"line":71,"column":34},"end":{"line":76,"column":23}},"15":{"start":{"line":78,"column":43},"end":{"line":83,"column":11}},"16":{"start":{"line":85,"column":10},"end":{"line":88,"column":13}},"17":{"start":{"line":90,"column":13},"end":{"line":112,"column":7}},"18":{"start":{"line":91,"column":8},"end":{"line":91,"column":47}},"19":{"start":{"line":94,"column":32},"end":{"line":99,"column":21}},"20":{"start":{"line":101,"column":41},"end":{"line":106,"column":9}},"21":{"start":{"line":108,"column":8},"end":{"line":111,"column":11}},"22":{"start":{"line":114,"column":6},"end":{"line":114,"column":20}},"23":{"start":{"line":116,"column":6},"end":{"line":116,"column":52}},"24":{"start":{"line":120,"column":23},"end":{"line":142,"column":3}},"25":{"start":{"line":121,"column":23},"end":{"line":121,"column":59}},"26":{"start":{"line":123,"column":4},"end":{"line":141,"column":5}},"27":{"start":{"line":124,"column":6},"end":{"line":138,"column":8}},"28":{"start":{"line":135,"column":27},"end":{"line":135,"column":40}},"29":{"start":{"line":140,"column":6},"end":{"line":140,"column":20}},"30":{"start":{"line":144,"column":2},"end":{"line":185,"column":4}},"31":{"start":{"line":162,"column":27},"end":{"line":162,"column":56}},"32":{"start":{"line":188,"column":15},"end":{"line":226,"column":2}}},"fnMap":{"0":{"name":"SavedCharacterProfileScreen","decl":{"start":{"line":21,"column":24},"end":{"line":21,"column":51}},"loc":{"start":{"line":21,"column":54},"end":{"line":186,"column":1}},"line":21},"1":{"name":"(anonymous_1)","decl":{"start":{"line":44,"column":28},"end":{"line":44,"column":29}},"loc":{"start":{"line":44,"column":35},"end":{"line":44,"column":62}},"line":44},"2":{"name":"(anonymous_2)","decl":{"start":{"line":53,"column":21},"end":{"line":53,"column":22}},"loc":{"start":{"line":56,"column":7},"end":{"line":118,"column":3}},"line":56},"3":{"name":"(anonymous_3)","decl":{"start":{"line":120,"column":23},"end":{"line":120,"column":24}},"loc":{"start":{"line":120,"column":29},"end":{"line":142,"column":3}},"line":120},"4":{"name":"(anonymous_4)","decl":{"start":{"line":135,"column":21},"end":{"line":135,"column":22}},"loc":{"start":{"line":135,"column":27},"end":{"line":135,"column":40}},"line":135},"5":{"name":"(anonymous_5)","decl":{"start":{"line":162,"column":21},"end":{"line":162,"column":22}},"loc":{"start":{"line":162,"column":27},"end":{"line":162,"column":56}},"line":162}},"branchMap":{"0":{"loc":{"start":{"line":43,"column":20},"end":{"line":51,"column":17}},"type":"cond-expr","locations":[{"start":{"line":44,"column":6},"end":{"line":44,"column":63}},{"start":{"line":45,"column":6},"end":{"line":51,"column":17}}],"line":43},"1":{"loc":{"start":{"line":45,"column":6},"end":{"line":51,"column":17}},"type":"cond-expr","locations":[{"start":{"line":46,"column":8},"end":{"line":50,"column":9}},{"start":{"line":51,"column":8},"end":{"line":51,"column":17}}],"line":45},"2":{"loc":{"start":{"line":55,"column":4},"end":{"line":55,"column":30}},"type":"default-arg","locations":[{"start":{"line":55,"column":26},"end":{"line":55,"column":30}}],"line":55},"3":{"loc":{"start":{"line":58,"column":6},"end":{"line":112,"column":7}},"type":"if","locations":[{"start":{"line":58,"column":6},"end":{"line":112,"column":7}},{"start":{"line":60,"column":13},"end":{"line":112,"column":7}}],"line":58},"4":{"loc":{"start":{"line":58,"column":10},"end":{"line":58,"column":41}},"type":"binary-expr","locations":[{"start":{"line":58,"column":10},"end":{"line":58,"column":28}},{"start":{"line":58,"column":32},"end":{"line":58,"column":41}}],"line":58},"5":{"loc":{"start":{"line":60,"column":13},"end":{"line":112,"column":7}},"type":"if","locations":[{"start":{"line":60,"column":13},"end":{"line":112,"column":7}},{"start":{"line":90,"column":13},"end":{"line":112,"column":7}}],"line":60},"6":{"loc":{"start":{"line":62,"column":8},"end":{"line":89,"column":9}},"type":"if","locations":[{"start":{"line":62,"column":8},"end":{"line":89,"column":9}},{"start":{"line":69,"column":15},"end":{"line":89,"column":9}}],"line":62},"7":{"loc":{"start":{"line":80,"column":25},"end":{"line":80,"column":53}},"type":"binary-expr","locations":[{"start":{"line":80,"column":25},"end":{"line":80,"column":40}},{"start":{"line":80,"column":44},"end":{"line":80,"column":53}}],"line":80},"8":{"loc":{"start":{"line":90,"column":13},"end":{"line":112,"column":7}},"type":"if","locations":[{"start":{"line":90,"column":13},"end":{"line":112,"column":7}},{"start":{"line":92,"column":13},"end":{"line":112,"column":7}}],"line":90},"9":{"loc":{"start":{"line":103,"column":23},"end":{"line":103,"column":51}},"type":"binary-expr","locations":[{"start":{"line":103,"column":23},"end":{"line":103,"column":38}},{"start":{"line":103,"column":42},"end":{"line":103,"column":51}}],"line":103},"10":{"loc":{"start":{"line":123,"column":4},"end":{"line":141,"column":5}},"type":"if","locations":[{"start":{"line":123,"column":4},"end":{"line":141,"column":5}},{"start":{"line":139,"column":11},"end":{"line":141,"column":5}}],"line":123},"11":{"loc":{"start":{"line":166,"column":47},"end":{"line":166,"column":77}},"type":"binary-expr","locations":[{"start":{"line":166,"column":47},"end":{"line":166,"column":54}},{"start":{"line":166,"column":58},"end":{"line":166,"column":77}}],"line":166},"12":{"loc":{"start":{"line":201,"column":16},"end":{"line":201,"column":44}},"type":"binary-expr","locations":[{"start":{"line":201,"column":16},"end":{"line":201,"column":39}},{"start":{"line":201,"column":43},"end":{"line":201,"column":44}}],"line":201}},"s":{"0":0,"1":0,"2":0,"3":0,"4":0,"5":0,"6":0,"7":0,"8":0,"9":0,"10":0,"11":0,"12":0,"13":0,"14":0,"15":0,"16":0,"17":0,"18":0,"19":0,"20":0,"21":0,"22":0,"23":0,"24":0,"25":0,"26":0,"27":0,"28":0,"29":0,"30":0,"31":0,"32":0},"f":{"0":0,"1":0,"2":0,"3":0,"4":0,"5":0},"b":{"0":[0,0],"1":[0,0],"2":[0],"3":[0,0],"4":[0,0],"5":[0,0],"6":[0,0],"7":[0,0],"8":[0,0],"9":[0,0],"10":[0,0],"11":[0,0],"12":[0,0]}},"/Users/sam/projects/story-app/components/HelloWave.tsx":{"path":"/Users/sam/projects/story-app/components/HelloWave.tsx","statementMap":{"0":{"start":{"line":14,"column":28},"end":{"line":14,"column":45}},"1":{"start":{"line":16,"column":2},"end":{"line":24,"column":26}},"2":{"start":{"line":17,"column":4},"end":{"line":23,"column":6}},"3":{"start":{"line":26,"column":24},"end":{"line":28,"column":5}},"4":{"start":{"line":26,"column":48},"end":{"line":28,"column":3}},"5":{"start":{"line":30,"column":2},"end":{"line":34,"column":4}},"6":{"start":{"line":37,"column":15},"end":{"line":43,"column":2}}},"fnMap":{"0":{"name":"HelloWave","decl":{"start":{"line":13,"column":16},"end":{"line":13,"column":25}},"loc":{"start":{"line":13,"column":28},"end":{"line":35,"column":1}},"line":13},"1":{"name":"(anonymous_1)","decl":{"start":{"line":16,"column":12},"end":{"line":16,"column":13}},"loc":{"start":{"line":16,"column":18},"end":{"line":24,"column":3}},"line":16},"2":{"name":"(anonymous_2)","decl":{"start":{"line":26,"column":41},"end":{"line":26,"column":42}},"loc":{"start":{"line":26,"column":48},"end":{"line":28,"column":3}},"line":26}},"branchMap":{},"s":{"0":0,"1":0,"2":0,"3":0,"4":0,"5":0,"6":0},"f":{"0":0,"1":0,"2":0},"b":{}},"/Users/sam/projects/story-app/constants/Theme.ts":{"path":"/Users/sam/projects/story-app/constants/Theme.ts","statementMap":{"0":{"start":{"line":4,"column":22},"end":{"line":38,"column":1}},"1":{"start":{"line":40,"column":26},"end":{"line":83,"column":1}},"2":{"start":{"line":85,"column":23},"end":{"line":108,"column":1}},"3":{"start":{"line":110,"column":28},"end":{"line":117,"column":1}},"4":{"start":{"line":119,"column":23},"end":{"line":158,"column":1}},"5":{"start":{"line":161,"column":28},"end":{"line":189,"column":1}},"6":{"start":{"line":168,"column":25},"end":{"line":168,"column":39}},"7":{"start":{"line":170,"column":22},"end":{"line":175,"column":5}},"8":{"start":{"line":171,"column":16},"end":{"line":171,"column":45}},"9":{"start":{"line":172,"column":16},"end":{"line":172,"column":45}},"10":{"start":{"line":173,"column":16},"end":{"line":173,"column":45}},"11":{"start":{"line":174,"column":6},"end":{"line":174,"column":48}},"12":{"start":{"line":177,"column":4},"end":{"line":187,"column":7}},"13":{"start":{"line":192,"column":28},"end":{"line":209,"column":1}},"14":{"start":{"line":212,"column":24},"end":{"line":212,"column":55}},"15":{"start":{"line":212,"column":43},"end":{"line":212,"column":55}},"16":{"start":{"line":213,"column":28},"end":{"line":213,"column":58}},"17":{"start":{"line":213,"column":47},"end":{"line":213,"column":58}},"18":{"start":{"line":214,"column":29},"end":{"line":214,"column":59}},"19":{"start":{"line":214,"column":48},"end":{"line":214,"column":59}}},"fnMap":{"0":{"name":"(anonymous_0)","decl":{"start":{"line":162,"column":10},"end":{"line":162,"column":11}},"loc":{"start":{"line":167,"column":7},"end":{"line":188,"column":3}},"line":167},"1":{"name":"(anonymous_1)","decl":{"start":{"line":170,"column":22},"end":{"line":170,"column":23}},"loc":{"start":{"line":170,"column":54},"end":{"line":175,"column":5}},"line":170},"2":{"name":"(anonymous_2)","decl":{"start":{"line":212,"column":24},"end":{"line":212,"column":25}},"loc":{"start":{"line":212,"column":43},"end":{"line":212,"column":55}},"line":212},"3":{"name":"(anonymous_3)","decl":{"start":{"line":213,"column":28},"end":{"line":213,"column":29}},"loc":{"start":{"line":213,"column":47},"end":{"line":213,"column":58}},"line":213},"4":{"name":"(anonymous_4)","decl":{"start":{"line":214,"column":29},"end":{"line":214,"column":30}},"loc":{"start":{"line":214,"column":48},"end":{"line":214,"column":59}},"line":214}},"branchMap":{"0":{"loc":{"start":{"line":168,"column":25},"end":{"line":168,"column":39}},"type":"binary-expr","locations":[{"start":{"line":168,"column":25},"end":{"line":168,"column":32}},{"start":{"line":168,"column":36},"end":{"line":168,"column":39}}],"line":168}},"s":{"0":0,"1":0,"2":0,"3":0,"4":0,"5":0,"6":0,"7":0,"8":0,"9":0,"10":0,"11":0,"12":0,"13":0,"14":0,"15":0,"16":0,"17":0,"18":0,"19":0},"f":{"0":0,"1":0,"2":0,"3":0,"4":0},"b":{"0":[0,0]}},"/Users/sam/projects/story-app/components/ThemedView.tsx":{"path":"/Users/sam/projects/story-app/components/ThemedView.tsx","statementMap":{"0":{"start":{"line":16,"column":26},"end":{"line":19,"column":3}},"1":{"start":{"line":21,"column":2},"end":{"line":21,"column":71}}},"fnMap":{"0":{"name":"ThemedView","decl":{"start":{"line":10,"column":16},"end":{"line":10,"column":26}},"loc":{"start":{"line":15,"column":20},"end":{"line":22,"column":1}},"line":15}},"branchMap":{},"s":{"0":0,"1":0},"f":{"0":0},"b":{}},"/Users/sam/projects/story-app/components/ExternalLink.tsx":{"path":"/Users/sam/projects/story-app/components/ExternalLink.tsx","statementMap":{"0":{"start":{"line":11,"column":2},"end":{"line":25,"column":4}},"1":{"start":{"line":17,"column":8},"end":{"line":22,"column":9}},"2":{"start":{"line":19,"column":10},"end":{"line":19,"column":33}},"3":{"start":{"line":21,"column":10},"end":{"line":21,"column":39}}},"fnMap":{"0":{"name":"ExternalLink","decl":{"start":{"line":10,"column":16},"end":{"line":10,"column":28}},"loc":{"start":{"line":10,"column":55},"end":{"line":26,"column":1}},"line":10},"1":{"name":"(anonymous_1)","decl":{"start":{"line":16,"column":15},"end":{"line":16,"column":16}},"loc":{"start":{"line":16,"column":32},"end":{"line":23,"column":7}},"line":16}},"branchMap":{"0":{"loc":{"start":{"line":17,"column":8},"end":{"line":22,"column":9}},"type":"if","locations":[{"start":{"line":17,"column":8},"end":{"line":22,"column":9}},{"start":{},"end":{}}],"line":17}},"s":{"0":0,"1":0,"2":0,"3":0},"f":{"0":0,"1":0},"b":{"0":[0,0]}},"/Users/sam/projects/story-app/components/ThemedText.tsx":{"path":"/Users/sam/projects/story-app/components/ThemedText.tsx","statementMap":{"0":{"start":{"line":18,"column":16},"end":{"line":18,"column":77}},"1":{"start":{"line":20,"column":2},"end":{"line":33,"column":4}},"2":{"start":{"line":36,"column":15},"end":{"line":60,"column":2}}},"fnMap":{"0":{"name":"ThemedText","decl":{"start":{"line":11,"column":16},"end":{"line":11,"column":26}},"loc":{"start":{"line":17,"column":20},"end":{"line":34,"column":1}},"line":17}},"branchMap":{"0":{"loc":{"start":{"line":15,"column":2},"end":{"line":15,"column":18}},"type":"default-arg","locations":[{"start":{"line":15,"column":9},"end":{"line":15,"column":18}}],"line":15},"1":{"loc":{"start":{"line":24,"column":8},"end":{"line":24,"column":55}},"type":"cond-expr","locations":[{"start":{"line":24,"column":29},"end":{"line":24,"column":43}},{"start":{"line":24,"column":46},"end":{"line":24,"column":55}}],"line":24},"2":{"loc":{"start":{"line":25,"column":8},"end":{"line":25,"column":51}},"type":"cond-expr","locations":[{"start":{"line":25,"column":27},"end":{"line":25,"column":39}},{"start":{"line":25,"column":42},"end":{"line":25,"column":51}}],"line":25},"3":{"loc":{"start":{"line":26,"column":8},"end":{"line":26,"column":71}},"type":"cond-expr","locations":[{"start":{"line":26,"column":37},"end":{"line":26,"column":59}},{"start":{"line":26,"column":62},"end":{"line":26,"column":71}}],"line":26},"4":{"loc":{"start":{"line":27,"column":8},"end":{"line":27,"column":57}},"type":"cond-expr","locations":[{"start":{"line":27,"column":30},"end":{"line":27,"column":45}},{"start":{"line":27,"column":48},"end":{"line":27,"column":57}}],"line":27},"5":{"loc":{"start":{"line":28,"column":8},"end":{"line":28,"column":49}},"type":"cond-expr","locations":[{"start":{"line":28,"column":26},"end":{"line":28,"column":37}},{"start":{"line":28,"column":40},"end":{"line":28,"column":49}}],"line":28}},"s":{"0":0,"1":0,"2":0},"f":{"0":0},"b":{"0":[0],"1":[0,0],"2":[0,0],"3":[0,0],"4":[0,0],"5":[0,0]}},"/Users/sam/projects/story-app/app/(auth)/login.tsx":{"path":"/Users/sam/projects/story-app/app/(auth)/login.tsx","statementMap":{"0":{"start":{"line":30,"column":18},"end":{"line":30,"column":42}},"1":{"start":{"line":31,"column":17},"end":{"line":31,"column":29}},"2":{"start":{"line":34,"column":79},"end":{"line":34,"column":88}},"3":{"start":{"line":37,"column":44},"end":{"line":37,"column":59}},"4":{"start":{"line":38,"column":44},"end":{"line":40,"column":3}},"5":{"start":{"line":41,"column":44},"end":{"line":41,"column":55}},"6":{"start":{"line":44,"column":2},"end":{"line":47,"column":9}},"7":{"start":{"line":45,"column":25},"end":{"line":45,"column":48}},"8":{"start":{"line":46,"column":4},"end":{"line":46,"column":19}},"9":{"start":{"line":50,"column":2},"end":{"line":52,"column":3}},"10":{"start":{"line":51,"column":4},"end":{"line":51,"column":33}},"11":{"start":{"line":54,"column":29},"end":{"line":67,"column":3}},"12":{"start":{"line":56,"column":25},"end":{"line":56,"column":48}},"13":{"start":{"line":57,"column":4},"end":{"line":57,"column":19}},"14":{"start":{"line":59,"column":4},"end":{"line":66,"column":5}},"15":{"start":{"line":60,"column":6},"end":{"line":60,"column":27}},"16":{"start":{"line":62,"column":6},"end":{"line":65,"column":8}},"17":{"start":{"line":69,"column":28},"end":{"line":82,"column":3}},"18":{"start":{"line":71,"column":25},"end":{"line":71,"column":48}},"19":{"start":{"line":72,"column":4},"end":{"line":72,"column":19}},"20":{"start":{"line":74,"column":4},"end":{"line":81,"column":5}},"21":{"start":{"line":75,"column":6},"end":{"line":75,"column":26}},"22":{"start":{"line":77,"column":6},"end":{"line":80,"column":8}},"23":{"start":{"line":84,"column":28},"end":{"line":91,"column":3}},"24":{"start":{"line":85,"column":4},"end":{"line":85,"column":37}},"25":{"start":{"line":87,"column":4},"end":{"line":90,"column":5}},"26":{"start":{"line":88,"column":27},"end":{"line":88,"column":50}},"27":{"start":{"line":89,"column":6},"end":{"line":89,"column":21}},"28":{"start":{"line":93,"column":32},"end":{"line":95,"column":3}},"29":{"start":{"line":94,"column":4},"end":{"line":94,"column":71}},"30":{"start":{"line":98,"column":25},"end":{"line":124,"column":3}},"31":{"start":{"line":100,"column":4},"end":{"line":123,"column":5}},"32":{"start":{"line":101,"column":6},"end":{"line":101,"column":41}},"33":{"start":{"line":101,"column":31},"end":{"line":101,"column":39}},"34":{"start":{"line":103,"column":6},"end":{"line":122,"column":7}},"35":{"start":{"line":104,"column":8},"end":{"line":104,"column":28}},"36":{"start":{"line":105,"column":26},"end":{"line":105,"column":62}},"37":{"start":{"line":106,"column":29},"end":{"line":106,"column":41}},"38":{"start":{"line":108,"column":8},"end":{"line":121,"column":9}},"39":{"start":{"line":109,"column":10},"end":{"line":113,"column":13}},"40":{"start":{"line":114,"column":10},"end":{"line":118,"column":12}},"41":{"start":{"line":120,"column":10},"end":{"line":120,"column":61}},"42":{"start":{"line":126,"column":2},"end":{"line":214,"column":4}},"43":{"start":{"line":217,"column":15},"end":{"line":335,"column":2}}},"fnMap":{"0":{"name":"LoginScreen","decl":{"start":{"line":33,"column":24},"end":{"line":33,"column":35}},"loc":{"start":{"line":33,"column":38},"end":{"line":215,"column":1}},"line":33},"1":{"name":"(anonymous_1)","decl":{"start":{"line":44,"column":12},"end":{"line":44,"column":13}},"loc":{"start":{"li
[...]
,"column":4},"end":{"line":138,"column":5}},"27":{"start":{"line":128,"column":6},"end":{"line":128,"column":79}},"28":{"start":{"line":129,"column":6},"end":{"line":129,"column":55}},"29":{"start":{"line":130,"column":6},"end":{"line":130,"column":58}},"30":{"start":{"line":132,"column":6},"end":{"line":132,"column":77}},"31":{"start":{"line":133,"column":6},"end":{"line":137,"column":8}},"32":{"start":{"line":140,"column":4},"end":{"line":140,"column":71}},"33":{"start":{"line":143,"column":2},"end":{"line":143,"column":48}},"34":{"start":{"line":144,"column":2},"end":{"line":144,"column":50}},"35":{"start":{"line":147,"column":31},"end":{"line":157,"column":1}},"36":{"start":{"line":151,"column":25},"end":{"line":155,"column":3}},"37":{"start":{"line":156,"column":2},"end":{"line":156,"column":50}},"38":{"start":{"line":160,"column":32},"end":{"line":199,"column":1}},"39":{"start":{"line":161,"column":2},"end":{"line":198,"column":3}},"40":{"start":{"line":162,"column":4},"end":{"line":162,"column":46}},"41":{"start":{"line":165,"column":4},"end":{"line":165,"column":79}},"42":{"start":{"line":166,"column":4},"end":{"line":166,"column":50}},"43":{"start":{"line":169,"column":4},"end":{"line":169,"column":56}},"44":{"start":{"line":170,"column":19},"end":{"line":170,"column":46}},"45":{"start":{"line":171,"column":4},"end":{"line":171,"column":50}},"46":{"start":{"line":175,"column":6},"end":{"line":176,"column":44}},"47":{"start":{"line":177,"column":4},"end":{"line":179,"column":5}},"48":{"start":{"line":178,"column":6},"end":{"line":178,"column":66}},"49":{"start":{"line":181,"column":4},"end":{"line":181,"column":65}},"50":{"start":{"line":183,"column":29},"end":{"line":183,"column":67}},"51":{"start":{"line":184,"column":4},"end":{"line":184,"column":45}},"52":{"start":{"line":187,"column":27},"end":{"line":190,"column":5}},"53":{"start":{"line":191,"column":4},"end":{"line":191,"column":47}},"54":{"start":{"line":193,"column":4},"end":{"line":193,"column":50}},"55":{"start":{"line":194,"column":4},"end":{"line":194,"column":52}},"56":{"start":{"line":196,"column":4},"end":{"line":196,"column":50}},"57":{"start":{"line":197,"column":4},"end":{"line":197,"column":16}},"58":{"start":{"line":202,"column":31},"end":{"line":287,"column":1}},"59":{"start":{"line":203,"column":2},"end":{"line":205,"column":3}},"60":{"start":{"line":204,"column":4},"end":{"line":204,"column":62}},"61":{"start":{"line":207,"column":2},"end":{"line":286,"column":3}},"62":{"start":{"line":208,"column":4},"end":{"line":208,"column":45}},"63":{"start":{"line":211,"column":24},"end":{"line":211,"column":68}},"64":{"start":{"line":212,"column":4},"end":{"line":214,"column":5}},"65":{"start":{"line":213,"column":6},"end":{"line":213,"column":71}},"66":{"start":{"line":217,"column":23},"end":{"line":222,"column":6}},"67":{"start":{"line":224,"column":4},"end":{"line":224,"column":64}},"68":{"start":{"line":226,"column":4},"end":{"line":228,"column":5}},"69":{"start":{"line":227,"column":6},"end":{"line":227,"column":72}},"70":{"start":{"line":231,"column":31},"end":{"line":234,"column":5}},"71":{"start":{"line":236,"column":4},"end":{"line":236,"column":57}},"72":{"start":{"line":239,"column":27},"end":{"line":242,"column":5}},"73":{"start":{"line":243,"column":4},"end":{"line":243,"column":53}},"74":{"start":{"line":246,"column":4},"end":{"line":261,"column":5}},"75":{"start":{"line":250,"column":26},"end":{"line":255,"column":18}},"76":{"start":{"line":257,"column":6},"end":{"line":260,"column":7}},"77":{"start":{"line":258,"column":8},"end":{"line":258,"column":66}},"78":{"start":{"line":259,"column":8},"end":{"line":259,"column":74}},"79":{"start":{"line":263,"column":4},"end":{"line":263,"column":50}},"80":{"start":{"line":264,"column":4},"end":{"line":264,"column":52}},"81":{"start":{"line":266,"column":4},"end":{"line":266,"column":49}},"82":{"start":{"line":269,"column":4},"end":{"line":283,"column":5}},"83":{"start":{"line":270,"column":6},"end":{"line":270,"column":64}},"84":{"start":{"line":271,"column":11},"end":{"line":283,"column":5}},"85":{"start":{"line":272,"column":6},"end":{"line":272,"column":61}},"86":{"start":{"line":273,"column":11},"end":{"line":283,"column":5}},"87":{"start":{"line":274,"column":6},"end":{"line":276,"column":8}},"88":{"start":{"line":277,"column":11},"end":{"line":283,"column":5}},"89":{"start":{"line":278,"column":6},"end":{"line":278,"column":71}},"90":{"start":{"line":279,"column":11},"end":{"line":283,"column":5}},"91":{"start":{"line":280,"column":6},"end":{"line":282,"column":8}},"92":{"start":{"line":285,"column":4},"end":{"line":285,"column":16}},"93":{"start":{"line":290,"column":39},"end":{"line":308,"column":1}},"94":{"start":{"line":291,"column":22},"end":{"line":291,"column":45}},"95":{"start":{"line":292,"column":2},"end":{"line":297,"column":4}},"96":{"start":{"line":299,"column":2},"end":{"line":307,"column":3}},"97":{"start":{"line":300,"column":4},"end":{"line":300,"column":71}},"98":{"start":{"line":301,"column":4},"end":{"line":301,"column":45}},"99":{"start":{"line":302,"column":4},"end":{"line":302,"column":63}},"100":{"start":{"line":303,"column":9},"end":{"line":307,"column":3}},"101":{"start":{"line":304,"column":4},"end":{"line":304,"column":54}},"102":{"start":{"line":306,"column":4},"end":{"line":306,"column":49}},"103":{"start":{"line":310,"column":34},"end":{"line":318,"column":1}},"104":{"start":{"line":311,"column":22},"end":{"line":311,"column":45}},"105":{"start":{"line":312,"column":2},"end":{"line":316,"column":3}},"106":{"start":{"line":314,"column":4},"end":{"line":314,"column":30}},"107":{"start":{"line":315,"column":4},"end":{"line":315,"column":37}},"108":{"start":{"line":317,"column":2},"end":{"line":317,"column":15}},"109":{"start":{"line":321,"column":27},"end":{"line":324,"column":1}},"110":{"start":{"line":322,"column":2},"end":{"line":322,"column":31}},"111":{"start":{"line":323,"column":2},"end":{"line":323,"column":29}},"112":{"start":{"line":327,"column":29},"end":{"line":355,"column":1}},"113":{"start":{"line":328,"column":22},"end":{"line":328,"column":45}},"114":{"start":{"line":329,"column":2},"end":{"line":331,"column":3}},"115":{"start":{"line":330,"column":4},"end":{"line":330,"column":54}},"116":{"start":{"line":333,"column":2},"end":{"line":354,"column":3}},"117":{"start":{"line":334,"column":35},"end":{"line":337,"column":5}},"118":{"start":{"line":339,"column":4},"end":{"line":339,"column":45}},"119":{"start":{"line":340,"column":19},"end":{"line":340,"column":51}},"120":{"start":{"line":342,"column":4},"end":{"line":342,"column":58}},"121":{"start":{"line":345,"column":4},"end":{"line":350,"column":5}},"122":{"start":{"line":346,"column":6},"end":{"line":346,"column":59}},"123":{"start":{"line":347,"column":6},"end":{"line":347,"column":33}},"124":{"start":{"line":349,"column":6},"end":{"line":349,"column":85}},"125":{"start":{"line":352,"column":4},"end":{"line":352,"column":57}},"126":{"start":{"line":353,"column":4},"end":{"line":353,"column":16}},"127":{"start":{"line":358,"column":70},"end":{"line":358,"column":72}},"128":{"start":{"line":359,"column":23},"end":{"line":359,"column":28}},"129":{"start":{"line":362,"column":38},"end":{"line":406,"column":1}},"130":{"start":{"line":365,"column":2},"end":{"line":405,"column":5}},"131":{"start":{"line":366,"column":4},"end":{"line":369,"column":6}},"132":{"start":{"line":370,"column":4},"end":{"line":404,"column":5}},"133":{"start":{"line":371,"column":6},"end":{"line":377,"column":8}},"134":{"start":{"line":380,"column":21},"end":{"line":380,"column":48}},"135":{"start":{"line":381,"column":18},"end":{"line":381,"column":28}},"136":{"start":{"line":383,"column":6},"end":{"line":398,"column":7}},"137":{"start":{"line":384,"column":8},"end":{"line":384,"column":46}},"138":{"start":{"line":386,"column":28},"end":{"line":389,"column":9}},"139":{"start":{"line":390,"column":8},"end":{"line":390,"column":30}},"140":{"start":{"line":392,"column":8},"end":{"line":392,"column":72}},"141":{"start":{"line":393,"column":21},"end":{"line":393,"column":60}},"142":{"start":{"line":395,"column":8},"end":{"line":395,"column":63}},"143":{"start":{"line":396,"column":8},"end":{"line":396,"column":45}},"144":{"start":{"line":397,"column":8},"end":{"line":397,"column":23}},"145":{"start":{"line":400,"column":6},"end":{"line":400,"column":52}},"146":{"start":{"line":402,"column":6},"end":{"line":402,"column":21}},"147":{"start":{"line":403,"column":6},"end":{"line":403,"column":21}}},"fnMap":{"0":{"name":"(anonymous_0)","decl":{"start":{"line":34,"column":28},"end":{"line":34,"column":29}},"loc":{"start":{"line":36,"column":20},"end":{"line":67,"column":1}},"line":36},"1":{"name":"(anonymous_1)","decl":{"start":{"line":70,"column":27},"end":{"line":70,"column":28}},"loc":{"start":{"line":70,"column":67},"end":{"line":94,"column":1}},"line":70},"2":{"name":"(anonymous_2)","decl":{"start":{"line":97,"column":37},"end":{"line":97,"column":38}},"loc":{"start":{"line":97,"column":62},"end":{"line":104,"column":1}},"line":97},"3":{"name":"(anonymous_3)","decl":{"start":{"line":107,"column":31},"end":{"line":107,"column":32}},"loc":{"start":{"line":111,"column":40},"end":{"line":145,"column":1}},"line":111},"4":{"name":"(anonymous_4)","decl":{"start":{"line":147,"column":31},"end":{"line":147,"column":32}},"loc":{"start":{"line":150,"column":39},"end":{"line":157,"column":1}},"line":150},"5":{"name":"(anonymous_5)","decl":{"start":{"line":160,"column":32},"end":{"line":160,"column":33}},"loc":{"start":{"line":160,"column":59},"end":{"line":199,"column":1}},"line":160},"6":{"name":"(anonymous_6)","decl":{"start":{"line":202,"column":31},"end":{"line":202,"column":32}},"loc":{"start":{"line":202,"column":58},"end":{"line":287,"column":1}},"line":202},"7":{"name":"(anonymous_7)","decl":{"start":{"line":290,"column":39},"end":{"line":290,"column":40}},"loc":{"start":{"line":290,"column":66},"end":{"line":308,"column":1}},"line":290},"8":{"name":"(anonymous_8)","decl":{"start":{"line":310,"column":34},"end":{"line":310,"column":35}},"loc":{"start":{"line":310,"column":64},"end":{"line":318,"column":1}},"line":310},"9":{"name":"(anonymous_9)","decl":{"start":{"line":321,"column":27},"end":{"line":321,"column":28}},"loc":{"start":{"line":321,"column":54},"end":{"line":324,"column":1}},"line":321},"10":{"name":"(anonymous_10)","decl":{"start":{"line":327,"column":29},"end":{"line":327,"column":30}},"loc":{"start":{"line":327,"column":56},"end":{"line":355,"column":1}},"line":327},"11":{"name":"(anonymous_11)","decl":{"start":{"line":362,"column":38},"end":{"line":362,"column":39}},"loc":{"start":{"line":364,"column":5},"end":{"line":406,"column":1}},"line":364},"12":{"name":"(anonymous_12)","decl":{"start":{"line":365,"column":41},"end":{"line":365,"column":42}},"loc":{"start":{"line":365,"column":65},"end":{"line":405,"column":3}},"line":365}},"branchMap":{"0":{"loc":{"start":{"line":47,"column":17},"end":{"line":47,"column":60}},"type":"binary-expr","locations":[{"start":{"line":47,"column":17},"end":{"line":47,"column":46}},{"start":{"line":47,"column":50},"end":{"line":47,"column":60}}],"line":47},"1":{"loc":{"start":{"line":48,"column":15},"end":{"line":48,"column":41}},"type":"binary-expr","locations":[{"start":{"line":48,"column":15},"end":{"line":48,"column":32}},{"start":{"line":48,"column":36},"end":{"line":48,"column":41}}],"line":48},"2":{"loc":{"start":{"line":54,"column":6},"end":{"line":54,"column":60}},"type":"cond-expr","locations":[{"start":{"line":54,"column":31},"end":{"line":54,"column":44}},{"start":{"line":54,"column":47},"end":{"line":54,"column":60}}],"line":54},"3":{"loc":{"start":{"line":75,"column":4},"end":{"line":86,"column":5}},"type":"if","locations":[{"start":{"line":75,"column":4},"end":{"line":86,"column":5}},{"start":{"line":84,"column":11},"end":{"line":86,"column":5}}],"line":75},"4":{"loc":{"start":{"line":90,"column":6},"end":{"line":90,"column":60}},"type":"cond-expr","locations":[{"start":{"line":90,"column":31},"end":{"line":90,"column":44}},{"start":{"line":90,"column":47},"end":{"line":90,"column":60}}],"line":90},"5":{"loc":{"start":{"line":118,"column":2},"end":{"line":120,"column":3}},"type":"if","locations":[{"start":{"line":118,"column":2},"end":{"line":120,"column":3}},{"start":{},"end":{}}],"line":118},"6":{"loc":{"start":{"line":123,"column":24},"end":{"line":123,"column":70}},"type":"binary-expr","locations":[{"start":{"line":123,"column":24},"end":{"line":123,"column":31}},{"start":{"line":123,"column":35},"end":{"line":123,"column":70}}],"line":123},"7":{"loc":{"start":{"line":125,"column":2},"end":{"line":141,"column":3}},"type":"if","locations":[{"start":{"line":125,"column":2},"end":{"line":141,"column":3}},{"start":{"line":139,"column":9},"end":{"line":141,"column":3}}],"line":125},"8":{"loc":{"start":{"line":175,"column":6},"end":{"line":176,"column":44}},"type":"binary-expr","locations":[{"start":{"line":175,"column":6},"end":{"line":175,"column":50}},{"start":{"line":176,"column":6},"end":{"line":176,"column":44}}],"line":175},"9":{"loc":{"start":{"line":177,"column":4},"end":{"line":179,"column":5}},"type":"if","locations":[{"start":{"line":177,"column":4},"end":{"line":179,"column":5}},{"start":{},"end":{}}],"line":177},"10":{"loc":{"start":{"line":203,"column":2},"end":{"line":205,"column":3}},"type":"if","locations":[{"start":{"line":203,"column":2},"end":{"line":205,"column":3}},{"start":{},"end":{}}],"line":203},"11":{"loc":{"start":{"line":212,"column":4},"end":{"line":214,"column":5}},"type":"if","locations":[{"start":{"line":212,"column":4},"end":{"line":214,"column":5}},{"start":{},"end":{}}],"line":212},"12":{"loc":{"start":{"line":226,"column":4},"end":{"line":228,"column":5}},"type":"if","locations":[{"start":{"line":226,"column":4},"end":{"line":228,"column":5}},{"start":{},"end":{}}],"line":226},"13":{"loc":{"start":{"line":233,"column":6},"end":{"line":233,"column":44}},"type":"binary-expr","locations":[{"start":{"line":233,"column":6},"end":{"line":233,"column":31}},{"start":{"line":233,"column":35},"end":{"line":233,"column":44}}],"line":233},"14":{"loc":{"start":{"line":246,"column":4},"end":{"line":261,"column":5}},"type":"if","locations":[{"start":{"line":246,"column":4},"end":{"line":261,"column":5}},{"start":{},"end":{}}],"line":246},"15":{"loc":{"start":{"line":247,"column":6},"end":{"line":248,"column":71}},"type":"binary-expr","locations":[{"start":{"line":247,"column":6},"end":{"line":247,"column":25}},{"start":{"line":248,"column":7},"end":{"line":248,"column":36}},{"start":{"line":248,"column":40},"end":{"line":248,"column":70}}],"line":247},"16":{"loc":{"start":{"line":257,"column":6},"end":{"line":260,"column":7}},"type":"if","locations":[{"start":{"line":257,"column":6},"end":{"line":260,"column":7}},{"start":{},"end":{}}],"line":257},"17":{"loc":{"start":{"line":257,"column":10},"end":{"line":257,"column":57}},"type":"binary-expr","locations":[{"start":{"line":257,"column":10},"end":{"line":257,"column":21}},{"start":{"line":257,"column":25},"end":{"line":257,"column":57}}],"line":257},"18":{"loc":{"start":{"line":269,"column":4},"end":{"line":283,"column":5}},"type":"if","locations":[{"start":{"line":269,"column":4},"end":{"line":283,"column":5}},{"start":{"line":271,"column":11},"end":{"line":283,"column":5}}],"line":269},"19":{"loc":{"start":{"line":271,"column":11},"end":{"line":283,"column":5}},"type":"if","locations":[{"start":{"line":271,"column":11},"end":{"line":283,"column":5}},{"start":{"line":273,"column":11},"end":{"line":283,"column":5}}],"line":271},"20":{"loc":{"start":{"line":273,"column":11},"end":{"line":283,"column":5}},"type":"if","locations":[{"start":{"line":273,"column":11},"end":{"line":283,"column":5}},{"start":{"line":277,"column":11},"end":{"line":283,"column":5}}],"line":273},"21":{"loc":{"start":{"line":277,"column":11},"end":{"line":283,"column":5}},"type":"if","locations":[{"start":{"line":277,"column":11},"end":{"line":283,"column":5}},{"start":{"line":279,"column":11},"end":{"line":283,"column":5}}],"line":277},"22":{"loc":{"start":{"line":279,"column":11},"end":{"line":283,"column":5}},"type":"if","locations":[{"start":{"line":279,"column":11},"end":{"line":283,"column":5}},{"start":{},"end":{}}],"line":279},"23":{"loc":{"start":{"line":299,"column":2},"end":{"line":307,"column":3}},"type":"if","locations":[{"start":{"line":299,"column":2},"end":{"line":307,"column":3}},{"start":{"line":303,"column":9},"end":{"line":307,"column":3}}],"line":299},"24":{"loc":{"start":{"line":299,"column":6},"end":{"line":299,"column":47}},"type":"binary-expr","locations":[{"start":{"line":299,"column":6},"end":{"line":299,"column":17}},{"start":{"line":299,"column":21},"end":{"line":299,"column":47}}],"line":299},"25":{"loc":{"start":{"line":303,"column":9},"end":{"line":307,"column":3}},"type":"if","locations":[{"start":{"line":303,"column":9},"end":{"line":307,"column":3}},{"start":{"line":305,"column":9},"end":{"line":307,"column":3}}],"line":303},"26":{"loc":{"start":{"line":312,"column":2},"end":{"line":316,"column":3}},"type":"if","locations":[{"start":{"line":312,"column":2},"end":{"line":316,"column":3}},{"start":{},"end":{}}],"line":312},"27":{"loc":{"start":{"line":329,"column":2},"end":{"line":331,"column":3}},"type":"if","locations":[{"start":{"line":329,"column":2},"end":{"line":331,"column":3}},{"start":{},"end":{}}],"line":329},"28":{"loc":{"start":{"line":368,"column":6},"end":{"line":368,"column":57}},"type":"cond-expr","locations":[{"start":{"line":368,"column":21},"end":{"line":368,"column":37}},{"start":{"line":368,"column":40},"end":{"line":368,"column":57}}],"line":368},"29":{"loc":{"start":{"line":370,"column":4},"end":{"line":404,"column":5}},"type":"if","locations":[{"start":{"line":370,"column":4},"end":{"line":404,"column":5}},{"start":{"line":399,"column":11},"end":{"line":404,"column":5}}],"line":370},"30":{"loc":{"start":{"line":383,"column":6},"end":{"line":398,"column":7}},"type":"if","locations":[{"start":{"line":383,"column":6},"end":{"line":398,"column":7}},{"start":{"line":391,"column":13},"end":{"line":398,"column":7}}],"line":383},"31":{"loc":{"start":{"line":383,"column":10},"end":{"line":383,"column":59}},"type":"binary-expr","locations":[{"start":{"line":383,"column":10},"end":{"line":383,"column":16}},{"start":{"line":383,"column":20},"end":{"line":383,"column":59}}],"line":383}},"s":{"0":0,"1":0,"2":0,"3":0,"4":0,"5":0,"6":0,"7":0,"8":0,"9":0,"10":0,"11":0,"12":0,"13":0,"14":0,"15":0,"16":0,"17":0,"18":0,"19":0,"20":0,"21":0,"22":0,"23":0,"24":0,"25":0,"26":0,"27":0,"28":0,"29":0,"30":0,"31":0,"32":0,"33":0,"34":0,"35":0,"36":0,"37":0,"38":0,"39":0,"40":0,"41":0,"42":0,"43":0,"44":0,"45":0,"46":0,"47":0,"48":0,"49":0,"50":0,"51":0,"52":0,"53":0,"54":0,"55":0,"56":0,"57":0,"58":0,"59":0,"60":0,"61":0,"62":0,"63":0,"64":0,"65":0,"66":0,"67":0,"68":0,"69":0,"70":0,"71":0,"72":0,"73":0,"74":0,"75":0,"76":0,"77":0,"78":0,"79":0,"80":0,"81":0,"82":0,"83":0,"84":0,"85":0,"86":0,"87":0,"88":0,"89":0,"90":0,"91":0,"92":0,"93":0,"94":0,"95":0,"96":0,"97":0,"98":0,"99":0,"100":0,"101":0,"102":0,"103":0,"104":0,"105":0,"106":0,"107":0,"108":0,"109":0,"110":0,"111":0,"112":0,"113":0,"114":0,"115":0,"116":0,"117":0,"118":0,"119":0,"120":0,"121":0,"122":0,"123":0,"124":0,"125":0,"126":0,"127":0,"128":0,"129":0,"130":0,"131":0,"132":0,"133":0,"134":0,"135":0,"136":0,"137":0,"138":0,"139":0,"140":0,"141":0,"142":0,"143":0,"144":0,"145":0,"146":0,"147":0},"f":{"0":0,"1":0,"2":0,"3":0,"4":0,"5":0,"6":0,"7":0,"8":0,"9":0,"10":0,"11":0,"12":0},"b":{"0":[0,0],"1":[0,0],"2":[0,0],"3":[0,0],"4":[0,0],"5":[0,0],"6":[0,0],"7":[0,0],"8":[0,0],"9":[0,0],"10":[0,0],"11":[0,0],"12":[0,0],"13":[0,0],"14":[0,0],"15":[0,0,0],"16":[0,0],"17":[0,0],"18":[0,0],"19":[0,0],"20":[0,0],"21":[0,0],"22":[0,0],"23":[0,0],"24":[0,0],"25":[0,0],"26":[0,0],"27":[0,0],"28":[0,0],"29":[0,0],"30":[0,0],"31":[0,0]}}}}
